Release 14.3 - xst P.40xd (nt)
Copyright (c) 1995-2012 Xilinx, Inc.  All rights reserved.
--> Parameter TMPDIR set to xst/projnav.tmp


Total REAL time to Xst completion: 0.00 secs
Total CPU time to Xst completion: 0.19 secs
 
--> Parameter xsthdpdir set to xst


Total REAL time to Xst completion: 0.00 secs
Total CPU time to Xst completion: 0.19 secs
 
--> Reading design: state_machine.prj

TABLE OF CONTENTS
  1) Synthesis Options Summary
  2) HDL Parsing
  3) HDL Elaboration
  4) HDL Synthesis
       4.1) HDL Synthesis Report
  5) Advanced HDL Synthesis
       5.1) Advanced HDL Synthesis Report
  6) Low Level Synthesis
  7) Partition Report
  8) Design Summary
       8.1) Primitive and Black Box Usage
       8.2) Device utilization summary
       8.3) Partition Resource Summary
       8.4) Timing Report
            8.4.1) Clock Information
            8.4.2) Asynchronous Control Signals Information
            8.4.3) Timing Summary
            8.4.4) Timing Details
            8.4.5) Cross Clock Domains Report


=========================================================================
*                      Synthesis Options Summary                        *
=========================================================================
---- Source Parameters
Input File Name                    : "state_machine.prj"
Ignore Synthesis Constraint File   : NO

---- Target Parameters
Output File Name                   : "state_machine"
Output Format                      : NGC
Target Device                      : xc6slx9-2-tqg144

---- Source Options
Top Module Name                    : state_machine
Automatic FSM Extraction           : YES
FSM Encoding Algorithm             : Auto
Safe Implementation                : No
FSM Style                          : LUT
RAM Extraction                     : Yes
RAM Style                          : Auto
ROM Extraction                     : Yes
Shift Register Extraction          : YES
ROM Style                          : Auto
Resource Sharing                   : YES
Asynchronous To Synchronous        : NO
Shift Register Minimum Size        : 2
Use DSP Block                      : Auto
Automatic Register Balancing       : No

---- Target Options
LUT Combining                      : Auto
Reduce Control Sets                : Auto
Add IO Buffers                     : YES
Global Maximum Fanout              : 100000
Add Generic Clock Buffer(BUFG)     : 16
Register Duplication               : YES
Optimize Instantiated Primitives   : NO
Use Clock Enable                   : Auto
Use Synchronous Set                : Auto
Use Synchronous Reset              : Auto
Pack IO Registers into IOBs        : Auto
Equivalent register Removal        : YES

---- General Options
Optimization Goal                  : Speed
Optimization Effort                : 1
Power Reduction                    : NO
Keep Hierarchy                     : No
Netlist Hierarchy                  : As_Optimized
RTL Output                         : Yes
Global Optimization                : AllClockNets
Read Cores                         : YES
Write Timing Constraints           : NO
Cross Clock Analysis               : NO
Hierarchy Separator                : /
Bus Delimiter                      : <>
Case Specifier                     : Maintain
Slice Utilization Ratio            : 100
BRAM Utilization Ratio             : 100
DSP48 Utilization Ratio            : 100
Auto BRAM Packing                  : NO
Slice Utilization Ratio Delta      : 5

=========================================================================


=========================================================================
*                          HDL Parsing                                  *
=========================================================================
Parsing VHDL file "D:\X9\v\State_Machine_SMG\state_machine\state_machine.vhd" into library work
Parsing entity <state_machine>.
Parsing architecture <Behavioral> of entity <state_machine>.

=========================================================================
*                            HDL Elaboration                            *
=========================================================================

Elaborating entity <state_machine> (architecture <Behavioral>) from library <work>.
INFO:HDLCompiler:679 - "D:\X9\v\State_Machine_SMG\state_machine\state_machine.vhd" Line 69. Case statement is complete. others clause is never selected
INFO:HDLCompiler:679 - "D:\X9\v\State_Machine_SMG\state_machine\state_machine.vhd" Line 96. Case statement is complete. others clause is never selected

=========================================================================
*                           HDL Synthesis                               *
=========================================================================

Synthesizing Unit <state_machine>.
    Related source file is "D:\X9\v\State_Machine_SMG\state_machine\state_machine.vhd".
    Found 25-bit register for signal <cnt>.
    Found 3-bit register for signal <state>.
    Found finite state machine <FSM_0> for signal <state>.
    -----------------------------------------------------------------------
    | States             | 8                                              |
    | Transitions        | 16                                             |
    | Inputs             | 1                                              |
    | Outputs            | 8                                              |
    | Clock              | clk (rising_edge)                              |
    | Reset              | rst (negative)                                 |
    | Reset type         | asynchronous                                   |
    | Reset State        | 000                                            |
    | Encoding           | auto                                           |
    | Implementation     | LUT                                            |
    -----------------------------------------------------------------------
    Found 25-bit adder for signal <cnt[24]_GND_5_o_add_1_OUT> created at line 50.
    Summary:
	inferred   1 Adder/Subtractor(s).
	inferred  25 D-type flip-flop(s).
	inferred   1 Finite State Machine(s).
Unit <state_machine> synthesized.

=========================================================================
HDL Synthesis Report

Macro Statistics
# Adders/Subtractors                                   : 1
 25-bit adder                                          : 1
# Registers                                            : 1
 25-bit register                                       : 1
# FSMs                                                 : 1

=========================================================================

=========================================================================
*                       Advanced HDL Synthesis                          *
=========================================================================


Synthesizing (advanced) Unit <state_machine>.
The following registers are absorbed into counter <cnt>: 1 register on signal <cnt>.
Unit <state_machine> synthesized (advanced).

=========================================================================
Advanced HDL Synthesis Report

Macro Statistics
# Counters                                             : 1
 25-bit up counter                                     : 1
# FSMs                                                 : 1

=========================================================================

=========================================================================
*                         Low Level Synthesis                           *
=========================================================================
Analyzing FSM <MFsm> for best encoding.
Optimizing FSM <FSM_0> on signal <state[1:3]> with user encoding.
-------------------
 State | Encoding
-------------------
 000   | 000
 001   | 001
 010   | 010
 011   | 011
 100   | 100
 101   | 101
 110   | 110
 111   | 111
-------------------

Optimizing unit <state_machine> ...

Mapping all equations...
Building and optimizing final netlist ...
Found area constraint ratio of 100 (+ 5) on block state_machine, actual ratio is 0.

Final Macro Processing ...

=========================================================================
Final Register Report

Macro Statistics
# Registers                                            : 28
 Flip-Flops                                            : 28

=========================================================================

=========================================================================
*                           Partition Report                            *
=========================================================================

Partition Implementation Status
-------------------------------

  No Partitions were found in this design.

-------------------------------

=========================================================================
*                            Design Summary                             *
=========================================================================

Top Level Output File Name         : state_machine.ngc

Primitive and Black Box Usage:
------------------------------
# BELS                             : 94
#      GND                         : 1
#      INV                         : 2
#      LUT1                        : 24
#      LUT2                        : 1
#      LUT3                        : 8
#      LUT4                        : 1
#      LUT5                        : 1
#      LUT6                        : 6
#      MUXCY                       : 24
#      VCC                         : 1
#      XORCY                       : 25
# FlipFlops/Latches                : 28
#      FDC                         : 28
# Clock Buffers                    : 1
#      BUFGP                       : 1
# IO Buffers                       : 17
#      IBUF                        : 1
#      OBUF                        : 16

Device utilization summary:
---------------------------

Selected Device : 6slx9tqg144-2 


Slice Logic Utilization: 
 Number of Slice Registers:              28  out of  11440     0%  
 Number of Slice LUTs:                   43  out of   5720     0%  
    Number used as Logic:                43  out of   5720     0%  

Slice Logic Distribution: 
 Number of LUT Flip Flop pairs used:     43
   Number with an unused Flip Flop:      15  out of     43    34%  
   Number with an unused LUT:             0  out of     43     0%  
   Number of fully used LUT-FF pairs:    28  out of     43    65%  
   Number of unique control sets:         1

IO Utilization: 
 Number of IOs:                          18
 Number of bonded IOBs:                  18  out of    102    17%  

Specific Feature Utilization:
 Number of BUFG/BUFGCTRLs:                1  out of     16     6%  

---------------------------
Partition Resource Summary:
---------------------------

  No Partitions were found in this design.

---------------------------


=========================================================================
Timing Report

NOTE: THESE TIMING NUMBERS ARE ONLY A SYNTHESIS ESTIMATE.
      FOR ACCURATE TIMING INFORMATION PLEASE REFER TO THE TRACE REPORT
      GENERATED AFTER PLACE-and-ROUTE.

Clock Information:
------------------
-----------------------------------+------------------------+-------+
Clock Signal                       | Clock buffer(FF name)  | Load  |
-----------------------------------+------------------------+-------+
clk                                | BUFGP                  | 28    |
-----------------------------------+------------------------+-------+

Asynchronous Control Signals Information:
----------------------------------------
No asynchronous control signals found in this design

Timing Summary:
---------------
Speed Grade: -2

   Minimum period: 3.305ns (Maximum Frequency: 302.572MHz)
   Minimum input arrival time before clock: 4.175ns
   Maximum output required time after clock: 5.589ns
   Maximum combinational path delay: No path found

Timing Details:
---------------
All values displayed in nanoseconds (ns)

=========================================================================
Timing constraint: Default period analysis for Clock 'clk'
  Clock period: 3.305ns (frequency: 302.572MHz)
  Total number of paths / destination ports: 406 / 28
-------------------------------------------------------------------------
Delay:               3.305ns (Levels of Logic = 2)
  Source:            cnt_21 (FF)
  Destination:       state_FSM_FFd1 (FF)
  Source Clock:      clk rising
  Destination Clock: clk rising

  Data Path: cnt_21 to state_FSM_FFd1
                                Gate     Net
    Cell:in->out      fanout   Delay   Delay  Logical Name (Net Name)
    ----------------------------------------  ------------
     FDC:C->Q              2   0.525   1.156  cnt_21 (cnt_21)
     LUT5:I0->O            3   0.254   1.042  cnt[24]_PWR_5_o_equal_3_o<24>4 (cnt[24]_PWR_5_o_equal_3_o<24>3)
     LUT6:I2->O            1   0.254   0.000  state_FSM_FFd2-In1 (state_FSM_FFd2-In)
     FDC:D                     0.074          state_FSM_FFd2
    ----------------------------------------
    Total                      3.305ns (1.107ns logic, 2.198ns route)
                                       (33.5% logic, 66.5% route)

=========================================================================
Timing constraint: Default OFFSET IN BEFORE for Clock 'clk'
  Total number of paths / destination ports: 28 / 28
-------------------------------------------------------------------------
Offset:              4.175ns (Levels of Logic = 2)
  Source:            rst (PAD)
  Destination:       state_FSM_FFd1 (FF)
  Destination Clock: clk rising

  Data Path: rst to state_FSM_FFd1
                                Gate     Net
    Cell:in->out      fanout   Delay   Delay  Logical Name (Net Name)
    ----------------------------------------  ------------
     IBUF:I->O             1   1.328   0.681  rst_IBUF (rst_IBUF)
     INV:I->O             28   0.255   1.452  rst_inv1_INV_0 (rst_inv)
     FDC:CLR                   0.459          cnt_0
    ----------------------------------------
    Total                      4.175ns (2.042ns logic, 2.133ns route)
                                       (48.9% logic, 51.1% route)

=========================================================================
Timing constraint: Default OFFSET OUT AFTER for Clock 'clk'
  Total number of paths / destination ports: 21 / 7
-------------------------------------------------------------------------
Offset:              5.589ns (Levels of Logic = 2)
  Source:            state_FSM_FFd3 (FF)
  Destination:       c<5> (PAD)
  Source Clock:      clk rising

  Data Path: state_FSM_FFd3 to c<5>
                                Gate     Net
    Cell:in->out      fanout   Delay   Delay  Logical Name (Net Name)
    ----------------------------------------  ------------
     FDC:C->Q             10   0.525   1.236  state_FSM_FFd3 (state_FSM_FFd3)
     LUT3:I0->O            1   0.235   0.681  state_c<2>1 (c_2_OBUF)
     OBUF:I->O                 2.912          c_2_OBUF (c<2>)
    ----------------------------------------
    Total                      5.589ns (3.672ns logic, 1.917ns route)
                                       (65.7% logic, 34.3% route)

=========================================================================

Cross Clock Domains Report:
--------------------------

Clock to Setup on destination clock clk
---------------+---------+---------+---------+---------+
               | Src:Rise| Src:Fall| Src:Rise| Src:Fall|
Source Clock   |Dest:Rise|Dest:Rise|Dest:Fall|Dest:Fall|
---------------+---------+---------+---------+---------+
clk            |    3.305|         |         |         |
---------------+---------+---------+---------+---------+

=========================================================================


Total REAL time to Xst completion: 8.00 secs
Total CPU time to Xst completion: 7.97 secs
 
--> 

Total memory usage is 214964 kilobytes

Number of errors   :    0 (   0 filtered)
Number of warnings :    0 (   0 filtered)
Number of infos    :    0 (   0 filtered)

