--------------------------------------------------------------------------------
Release 14.3 Trace  (nt)
Copyright (c) 1995-2012 Xilinx, Inc.  All rights reserved.

E:\Xilinx\14.3\ISE_DS\ISE\bin\nt\unwrapped\trce.exe -intstyle ise -e 3 -s 2 -n
3 -xml decoder_38.twx decoder_38.ncd -o decoder_38.twr decoder_38.pcf -ucf
decoder_38.ucf

Design file:              decoder_38.ncd
Physical constraint file: decoder_38.pcf
Device,package,speed:     xc6slx9,tqg144,C,-2 (PRODUCTION 1.23 2012-10-12)
Report level:             error report

Environment Variable      Effect 
--------------------      ------ 
NONE                      No environment variables were set
--------------------------------------------------------------------------------

INFO:Timing:2698 - No timing constraints found, doing default enumeration.
INFO:Timing:3412 - To improve timing, see the Timing Closure User Guide (UG612).
INFO:Timing:2752 - To get complete path coverage, use the unconstrained paths 
   option. All paths that are not constrained will be reported in the 
   unconstrained paths section(s) of the report.
INFO:Timing:3339 - The clock-to-out numbers in this timing report are based on 
   a 50 Ohm transmission line loading model.  For the details of this model, 
   and for more information on accounting for different loading conditions, 
   please see the device datasheet.



Data Sheet report:
-----------------
All values displayed in nanoseconds (ns)

Pad to Pad
---------------+---------------+---------+
Source Pad     |Destination Pad|  Delay  |
---------------+---------------+---------+
key_in<0>      |out<0>         |   10.600|
key_in<0>      |out<1>         |   10.849|
key_in<0>      |out<2>         |   10.617|
key_in<0>      |out<3>         |   10.987|
key_in<0>      |out<4>         |   10.562|
key_in<0>      |out<5>         |   10.904|
key_in<0>      |out<6>         |   10.537|
key_in<0>      |out<7>         |   10.541|
key_in<1>      |out<0>         |   10.670|
key_in<1>      |out<1>         |   10.919|
key_in<1>      |out<2>         |   10.428|
key_in<1>      |out<3>         |   10.798|
key_in<1>      |out<4>         |   11.010|
key_in<1>      |out<5>         |   11.352|
key_in<1>      |out<6>         |   10.919|
key_in<1>      |out<7>         |   10.923|
key_in<2>      |out<0>         |   10.292|
key_in<2>      |out<1>         |   10.541|
key_in<2>      |out<2>         |   10.136|
key_in<2>      |out<3>         |   10.506|
key_in<2>      |out<4>         |   10.571|
key_in<2>      |out<5>         |   10.913|
key_in<2>      |out<6>         |   10.290|
key_in<2>      |out<7>         |   10.294|
---------------+---------------+---------+


Analysis completed Thu Jun 05 14:26:46 2014 
--------------------------------------------------------------------------------

Trace Settings:
-------------------------
Trace Settings 

Peak Memory Usage: 146 MB



