--------------------------------------------------------------------------------
Release 14.3 Trace  (nt)
Copyright (c) 1995-2012 Xilinx, Inc.  All rights reserved.

E:\Xilinx\14.3\ISE_DS\ISE\bin\nt\unwrapped\trce.exe -intstyle ise -e 3 -s 2 -n
3 -xml jiafa_add.twx jiafa_add.ncd -o jiafa_add.twr jiafa_add.pcf -ucf
jiafa_add.ucf

Design file:              jiafa_add.ncd
Physical constraint file: jiafa_add.pcf
Device,package,speed:     xc6slx9,tqg144,C,-2 (PRODUCTION 1.23 2012-10-12)
Report level:             error report

Environment Variable      Effect 
--------------------      ------ 
NONE                      No environment variables were set
--------------------------------------------------------------------------------

INFO:Timing:2698 - No timing constraints found, doing default enumeration.
INFO:Timing:3412 - To improve timing, see the Timing Closure User Guide (UG612).
INFO:Timing:2752 - To get complete path coverage, use the unconstrained paths 
   option. All paths that are not constrained will be reported in the 
   unconstrained paths section(s) of the report.
INFO:Timing:3339 - The clock-to-out numbers in this timing report are based on 
   a 50 Ohm transmission line loading model.  For the details of this model, 
   and for more information on accounting for different loading conditions, 
   please see the device datasheet.



Data Sheet report:
-----------------
All values displayed in nanoseconds (ns)

Pad to Pad
---------------+---------------+---------+
Source Pad     |Destination Pad|  Delay  |
---------------+---------------+---------+
a<0>           |c<0>           |   11.094|
a<0>           |c<1>           |   11.028|
a<0>           |c<2>           |   10.794|
a<0>           |c<3>           |   10.991|
a<0>           |c<4>           |   12.073|
a<0>           |c<5>           |   12.537|
a<0>           |c<6>           |   11.386|
a<1>           |c<0>           |   10.401|
a<1>           |c<1>           |   10.658|
a<1>           |c<2>           |   10.790|
a<1>           |c<3>           |   11.550|
a<1>           |c<4>           |   12.129|
a<1>           |c<5>           |   11.611|
a<1>           |c<6>           |   11.961|
a<2>           |c<0>           |   10.915|
a<2>           |c<1>           |   10.940|
a<2>           |c<2>           |   10.741|
a<2>           |c<3>           |   10.858|
a<2>           |c<4>           |   11.918|
a<2>           |c<5>           |   11.843|
a<2>           |c<6>           |   10.632|
b<0>           |c<0>           |   10.932|
b<0>           |c<1>           |   10.906|
b<0>           |c<2>           |   10.396|
b<0>           |c<3>           |   10.704|
b<0>           |c<4>           |   12.068|
b<0>           |c<5>           |   11.874|
b<0>           |c<6>           |   10.893|
b<1>           |c<0>           |    9.977|
b<1>           |c<1>           |    9.771|
b<1>           |c<2>           |   10.012|
b<1>           |c<3>           |   10.511|
b<1>           |c<4>           |   11.512|
b<1>           |c<5>           |   11.188|
b<1>           |c<6>           |   10.483|
b<2>           |c<0>           |   10.070|
b<2>           |c<1>           |   10.122|
b<2>           |c<2>           |   10.330|
b<2>           |c<3>           |   10.811|
b<2>           |c<4>           |   11.408|
b<2>           |c<5>           |   11.572|
b<2>           |c<6>           |   11.092|
---------------+---------------+---------+


Analysis completed Thu Jun 05 14:54:50 2014 
--------------------------------------------------------------------------------

Trace Settings:
-------------------------
Trace Settings 

Peak Memory Usage: 146 MB



