iMPACT Version: 
iMPACT log file Started on Tue Oct 19 21:14:37 2010

// *** BATCH CMD : setMode -bs
// *** BATCH CMD : setMode -bs
GUI --- Auto connect to cable...
// *** BATCH CMD : setCable -port auto
AutoDetecting cable. Please wait.
PROGRESS_START - Starting Operation.
Connecting to cable (Parallel Port - LPT1).
Checking cable driver.
 Driver windrvr6.sys version = 8.1.0.0. WinDriver v8.10 Jungo (c) 1997 - 2006 Build Date: Aug 15 2006 X86 32bit SYS14:21:34, version = 810.
 LPT base address = 0378h.
 ECP base address = FFFFFFFFh.
Cable connection failed.
Connecting to cable (Parallel Port - LPT2).
Checking cable driver.
 Driver windrvr6.sys version = 8.1.0.0. WinDriver v8.10 Jungo (c) 1997 - 2006 Build Date: Aug 15 2006 X86 32bit SYS14:21:34, version = 810.
Cable connection failed.
Connecting to cable (Parallel Port - LPT3).
Checking cable driver.
 Driver windrvr6.sys version = 8.1.0.0. WinDriver v8.10 Jungo (c) 1997 - 2006 Build Date: Aug 15 2006 X86 32bit SYS14:21:34, version = 810.
Cable connection failed.
Connecting to cable (Parallel Port - LPT4).
Checking cable driver.
 Driver windrvr6.sys version = 8.1.0.0. WinDriver v8.10 Jungo (c) 1997 - 2006 Build Date: Aug 15 2006 X86 32bit SYS14:21:34, version = 810.
Cable connection failed.
Connecting to cable (Usb Port - USB21).
Checking cable driver.
 File C:\WINDOWS\system32\drivers\xusbdfwu.sys not found.
Driver file not found. Inf file version = 0.
 Driver xusbdfwu.sys version: 1021 (1029).
 Driver windrvr6.sys version = 8.1.0.0. WinDriver v8.10 Jungo (c) 1997 - 2006 Build Date: Aug 15 2006 X86 32bit SYS14:21:34, version = 810.
Cable connection failed.
PROGRESS_END - End Operation.
Elapsed time =      5 sec.
Cable autodetection failed.
WARNING:iMPACT:923 - Can not find cable, check cable setup !// *** BATCH CMD : addDevice -p 1 -file"D:/XC3S500E_Verilog/one_0_f)/one_0_f_smg/one_smg_0_f.bit"
'1': Loading file 'D:/XC3S500E_Verilog/one_0_f)/one_0_f_smg/one_smg_0_f.bit' ...
done.
INFO:iMPACT:1777 - 
   Reading C:/Xilinx91i/spartan3e/data/xc3s500e.bsd...
INFO:iMPACT:501 - '1': Added Device xc3s500e successfully.
----------------------------------------------------------------------
----------------------------------------------------------------------
 Count ReleaseSemaphore rc = 298.
GUI --- Auto connect to cable...
// *** BATCH CMD : setCable -port auto
AutoDetecting cable. Please wait.
PROGRESS_START - Starting Operation.
Connecting to cable (Parallel Port - LPT1).
Checking cable driver.
 Driver windrvr6.sys version = 8.1.0.0. WinDriver v8.10 Jungo (c) 1997 - 2006 Build Date: Aug 15 2006 X86 32bit SYS14:21:34, version = 810.
 LPT base address = 0378h.
 ECP base address = FFFFFFFFh.
Cable connection established.
PROGRESS_END - End Operation.
Elapsed time =      1 sec.
// *** BATCH CMD : Program -p 1 -defaultVersion 0 
Maximum TCK operating frequency for this device chain: 0.
Validating chain...
Boundary-scan chain validated successfully.
'1': Programming device...
PROGRESS_START - Starting Operation.
done.
'1': Reading status register contents...
CRC error                                         :         0
Decryptor security set                            :         0
DCM locked                                        :         1
DCI matched                                       :         1
legacy input error                                :         0
status of GTS_CFG_B                               :         1
status of GWE                                     :         1
status of GHIGH                                   :         1
value of MODE pin M0                              :         1
value of MODE pin M1                              :         0
value of MODE pin M2                              :         0
value of CFG_RDY (INIT_B)                         :         1
DONEIN input from DONE pin                        :         1
IDCODE not validated while trying to write FDRI   :         0
write FDRI issued before or after decrypt operation:         0
Decryptor keys not used in proper sequence        :         0
INFO:iMPACT:2219 - Status register values:
INFO:iMPACT - 0011 0111 1001 1000 0000 0000 0000 0000 
INFO:iMPACT:579 - '1': Completed downloading bit file to device.
INFO:iMPACT - '1': Checking done pin....done.
'1': Programmed successfully.
PROGRESS_END - End Operation.
Elapsed time =     12 sec.
// *** BATCH CMD : assignFile -p 1 -file"D:/XC3S500E_Verilog/one_0_f)/one_0_f_smg/one_smg_0_f.bit"
'1': Loading file 'D:/XC3S500E_Verilog/one_0_f)/one_0_f_smg/one_smg_0_f.bit' ...
done.
INFO:iMPACT:501 - '1': Added Device xc3s500e successfully.
----------------------------------------------------------------------
----------------------------------------------------------------------
----------------------------------------------------------------------
----------------------------------------------------------------------
Updating config file D:/XC3S500E_Verilog/one_0_f)/one_0_f_smg/one_smg_0_f.bit...
// *** BATCH CMD : Program -p 1 -defaultVersion 0 
Maximum TCK operating frequency for this device chain: 0.
Validating chain...
Boundary-scan chain validated successfully.
'1': Programming device...
PROGRESS_START - Starting Operation.
done.
'1': Reading status register contents...
CRC error                                         :         0
Decryptor security set                            :         0
DCM locked                                        :         1
DCI matched                                       :         1
legacy input error                                :         0
status of GTS_CFG_B                               :         1
status of GWE                                     :         1
status of GHIGH                                   :         1
value of MODE pin M0                              :         1
value of MODE pin M1                              :         0
value of MODE pin M2                              :         0
value of CFG_RDY (INIT_B)                         :         1
DONEIN input from DONE pin                        :         1
IDCODE not validated while trying to write FDRI   :         0
write FDRI issued before or after decrypt operation:         0
Decryptor keys not used in proper sequence        :         0
INFO:iMPACT:2219 - Status register values:
INFO:iMPACT - 0011 0111 1001 1000 0000 0000 0000 0000 
INFO:iMPACT:579 - '1': Completed downloading bit file to device.
INFO:iMPACT - '1': Checking done pin....done.
'1': Programmed successfully.
PROGRESS_END - End Operation.
Elapsed time =     12 sec.
// *** BATCH CMD : saveProjectFile -file"D:/XC3S500E_Verilog/one_0_f)/one_0_f_smg/one_0_f_smg.ipf"
// *** BATCH CMD : setMode -bs
// *** BATCH CMD : deleteDevice -position 1
WARNING:ProjectMgmt - "D:/XC3S500E_Verilog/smg_8bit_0_7/smg_0_7/smg_0_7.ngc"   line 0 duplicate design unit: 'Module|smg_0_7'
