Release 14.3 - xst P.40xd (nt)
Copyright (c) 1995-2012 Xilinx, Inc.  All rights reserved.
--> Parameter TMPDIR set to xst/projnav.tmp


Total REAL time to Xst completion: 0.00 secs
Total CPU time to Xst completion: 0.14 secs
 
--> Parameter xsthdpdir set to xst


Total REAL time to Xst completion: 0.00 secs
Total CPU time to Xst completion: 0.14 secs
 
--> Reading design: one_smg_0_f.prj

TABLE OF CONTENTS
  1) Synthesis Options Summary
  2) HDL Parsing
  3) HDL Elaboration
  4) HDL Synthesis
       4.1) HDL Synthesis Report
  5) Advanced HDL Synthesis
       5.1) Advanced HDL Synthesis Report
  6) Low Level Synthesis
  7) Partition Report
  8) Design Summary
       8.1) Primitive and Black Box Usage
       8.2) Device utilization summary
       8.3) Partition Resource Summary
       8.4) Timing Report
            8.4.1) Clock Information
            8.4.2) Asynchronous Control Signals Information
            8.4.3) Timing Summary
            8.4.4) Timing Details
            8.4.5) Cross Clock Domains Report


=========================================================================
*                      Synthesis Options Summary                        *
=========================================================================
---- Source Parameters
Input File Name                    : "one_smg_0_f.prj"
Ignore Synthesis Constraint File   : NO

---- Target Parameters
Output File Name                   : "one_smg_0_f"
Output Format                      : NGC
Target Device                      : xc6slx9-2-tqg144

---- Source Options
Top Module Name                    : one_smg_0_f
Automatic FSM Extraction           : YES
FSM Encoding Algorithm             : Auto
Safe Implementation                : No
FSM Style                          : LUT
RAM Extraction                     : Yes
RAM Style                          : Auto
ROM Extraction                     : Yes
Shift Register Extraction          : YES
ROM Style                          : Auto
Resource Sharing                   : YES
Asynchronous To Synchronous        : NO
Shift Register Minimum Size        : 2
Use DSP Block                      : Auto
Automatic Register Balancing       : No

---- Target Options
LUT Combining                      : Auto
Reduce Control Sets                : Auto
Add IO Buffers                     : YES
Global Maximum Fanout              : 100000
Add Generic Clock Buffer(BUFG)     : 16
Register Duplication               : YES
Optimize Instantiated Primitives   : NO
Use Clock Enable                   : Auto
Use Synchronous Set                : Auto
Use Synchronous Reset              : Auto
Pack IO Registers into IOBs        : Auto
Equivalent register Removal        : YES

---- General Options
Optimization Goal                  : Speed
Optimization Effort                : 1
Power Reduction                    : NO
Keep Hierarchy                     : No
Netlist Hierarchy                  : As_Optimized
RTL Output                         : Yes
Global Optimization                : AllClockNets
Read Cores                         : YES
Write Timing Constraints           : NO
Cross Clock Analysis               : NO
Hierarchy Separator                : /
Bus Delimiter                      : <>
Case Specifier                     : Maintain
Slice Utilization Ratio            : 100
BRAM Utilization Ratio             : 100
DSP48 Utilization Ratio            : 100
Auto BRAM Packing                  : NO
Slice Utilization Ratio Delta      : 5

=========================================================================


=========================================================================
*                          HDL Parsing                                  *
=========================================================================
Analyzing Verilog file "D:\X9\Verilog\one_0_f)\one_0_f_smg\one_smg_0_f.v" into library work
Parsing module <one_smg_0_f>.

=========================================================================
*                            HDL Elaboration                            *
=========================================================================

Elaborating module <one_smg_0_f>.
WARNING:HDLCompiler:413 - "D:\X9\Verilog\one_0_f)\one_0_f_smg\one_smg_0_f.v" Line 20: Result of 30-bit expression is truncated to fit in 29-bit target.

=========================================================================
*                           HDL Synthesis                               *
=========================================================================

Synthesizing Unit <one_smg_0_f>.
    Related source file is "D:\X9\Verilog\one_0_f)\one_0_f_smg\one_smg_0_f.v".
    Found 29-bit register for signal <count>.
    Found 29-bit adder for signal <count[28]_GND_1_o_add_1_OUT> created at line 20.
    Found 16x8-bit Read Only RAM for signal <dataout>
    Summary:
	inferred   1 RAM(s).
	inferred   1 Adder/Subtractor(s).
	inferred  29 D-type flip-flop(s).
Unit <one_smg_0_f> synthesized.

=========================================================================
HDL Synthesis Report

Macro Statistics
# RAMs                                                 : 1
 16x8-bit single-port Read Only RAM                    : 1
# Adders/Subtractors                                   : 1
 29-bit adder                                          : 1
# Registers                                            : 1
 29-bit register                                       : 1

=========================================================================

=========================================================================
*                       Advanced HDL Synthesis                          *
=========================================================================


Synthesizing (advanced) Unit <one_smg_0_f>.
The following registers are absorbed into counter <count>: 1 register on signal <count>.
INFO:Xst:3218 - HDL ADVISOR - The RAM <Mram_dataout> will be implemented on LUTs either because you have described an asynchronous read or because of currently unsupported block RAM features. If you have described an asynchronous read, making it synchronous would allow you to take advantage of available block RAM resources, for optimized device usage and improved timings. Please refer to your documentation for coding guidelines.
    -----------------------------------------------------------------------
    | ram_type           | Distributed                         |          |
    -----------------------------------------------------------------------
    | Port A                                                              |
    |     aspect ratio   | 16-word x 8-bit                     |          |
    |     weA            | connected to signal <GND>           | high     |
    |     addrA          | connected to signal <count>         |          |
    |     diA            | connected to signal <GND>           |          |
    |     doA            | connected to signal <dataout>       |          |
    -----------------------------------------------------------------------
Unit <one_smg_0_f> synthesized (advanced).

=========================================================================
Advanced HDL Synthesis Report

Macro Statistics
# RAMs                                                 : 1
 16x8-bit single-port distributed Read Only RAM        : 1
# Counters                                             : 1
 29-bit up counter                                     : 1

=========================================================================

=========================================================================
*                         Low Level Synthesis                           *
=========================================================================

Optimizing unit <one_smg_0_f> ...

Mapping all equations...
Building and optimizing final netlist ...
Found area constraint ratio of 100 (+ 5) on block one_smg_0_f, actual ratio is 0.

Final Macro Processing ...

=========================================================================
Final Register Report

Macro Statistics
# Registers                                            : 29
 Flip-Flops                                            : 29

=========================================================================

=========================================================================
*                           Partition Report                            *
=========================================================================

Partition Implementation Status
-------------------------------

  No Partitions were found in this design.

-------------------------------

=========================================================================
*                            Design Summary                             *
=========================================================================

Top Level Output File Name         : one_smg_0_f.ngc

Primitive and Black Box Usage:
------------------------------
# BELS                             : 95
#      GND                         : 1
#      INV                         : 1
#      LUT1                        : 28
#      LUT4                        : 7
#      MUXCY                       : 28
#      VCC                         : 1
#      XORCY                       : 29
# FlipFlops/Latches                : 29
#      FD                          : 29
# Clock Buffers                    : 1
#      BUFGP                       : 1
# IO Buffers                       : 9
#      OBUF                        : 9

Device utilization summary:
---------------------------

Selected Device : 6slx9tqg144-2 


Slice Logic Utilization: 
 Number of Slice Registers:              29  out of  11440     0%  
 Number of Slice LUTs:                   36  out of   5720     0%  
    Number used as Logic:                36  out of   5720     0%  

Slice Logic Distribution: 
 Number of LUT Flip Flop pairs used:     36
   Number with an unused Flip Flop:       7  out of     36    19%  
   Number with an unused LUT:             0  out of     36     0%  
   Number of fully used LUT-FF pairs:    29  out of     36    80%  
   Number of unique control sets:         1

IO Utilization: 
 Number of IOs:                          10
 Number of bonded IOBs:                  10  out of    102     9%  

Specific Feature Utilization:
 Number of BUFG/BUFGCTRLs:                1  out of     16     6%  

---------------------------
Partition Resource Summary:
---------------------------

  No Partitions were found in this design.

---------------------------


=========================================================================
Timing Report

NOTE: THESE TIMING NUMBERS ARE ONLY A SYNTHESIS ESTIMATE.
      FOR ACCURATE TIMING INFORMATION PLEASE REFER TO THE TRACE REPORT
      GENERATED AFTER PLACE-and-ROUTE.

Clock Information:
------------------
-----------------------------------+------------------------+-------+
Clock Signal                       | Clock buffer(FF name)  | Load  |
-----------------------------------+------------------------+-------+
clk_50M                            | BUFGP                  | 29    |
-----------------------------------+------------------------+-------+

Asynchronous Control Signals Information:
----------------------------------------
No asynchronous control signals found in this design

Timing Summary:
---------------
Speed Grade: -2

   Minimum period: 2.584ns (Maximum Frequency: 387.034MHz)
   Minimum input arrival time before clock: No path found
   Maximum output required time after clock: 5.592ns
   Maximum combinational path delay: No path found

Timing Details:
---------------
All values displayed in nanoseconds (ns)

=========================================================================
Timing constraint: Default period analysis for Clock 'clk_50M'
  Clock period: 2.584ns (frequency: 387.034MHz)
  Total number of paths / destination ports: 435 / 29
-------------------------------------------------------------------------
Delay:               2.584ns (Levels of Logic = 30)
  Source:            count_0 (FF)
  Destination:       count_28 (FF)
  Source Clock:      clk_50M rising
  Destination Clock: clk_50M rising

  Data Path: count_0 to count_28
                                Gate     Net
    Cell:in->out      fanout   Delay   Delay  Logical Name (Net Name)
    ----------------------------------------  ------------
     FD:C->Q               1   0.525   0.681  count_0 (count_0)
     INV:I->O              1   0.255   0.000  Mcount_count_lut<0>_INV_0 (Mcount_count_lut<0>)
     MUXCY:S->O            1   0.215   0.000  Mcount_count_cy<0> (Mcount_count_cy<0>)
     MUXCY:CI->O           1   0.023   0.000  Mcount_count_cy<1> (Mcount_count_cy<1>)
     MUXCY:CI->O           1   0.023   0.000  Mcount_count_cy<2> (Mcount_count_cy<2>)
     MUXCY:CI->O           1   0.023   0.000  Mcount_count_cy<3> (Mcount_count_cy<3>)
     MUXCY:CI->O           1   0.023   0.000  Mcount_count_cy<4> (Mcount_count_cy<4>)
     MUXCY:CI->O           1   0.023   0.000  Mcount_count_cy<5> (Mcount_count_cy<5>)
     MUXCY:CI->O           1   0.023   0.000  Mcount_count_cy<6> (Mcount_count_cy<6>)
     MUXCY:CI->O           1   0.023   0.000  Mcount_count_cy<7> (Mcount_count_cy<7>)
     MUXCY:CI->O           1   0.023   0.000  Mcount_count_cy<8> (Mcount_count_cy<8>)
     MUXCY:CI->O           1   0.023   0.000  Mcount_count_cy<9> (Mcount_count_cy<9>)
     MUXCY:CI->O           1   0.023   0.000  Mcount_count_cy<10> (Mcount_count_cy<10>)
     MUXCY:CI->O           1   0.023   0.000  Mcount_count_cy<11> (Mcount_count_cy<11>)
     MUXCY:CI->O           1   0.023   0.000  Mcount_count_cy<12> (Mcount_count_cy<12>)
     MUXCY:CI->O           1   0.023   0.000  Mcount_count_cy<13> (Mcount_count_cy<13>)
     MUXCY:CI->O           1   0.023   0.000  Mcount_count_cy<14> (Mcount_count_cy<14>)
     MUXCY:CI->O           1   0.023   0.000  Mcount_count_cy<15> (Mcount_count_cy<15>)
     MUXCY:CI->O           1   0.023   0.000  Mcount_count_cy<16> (Mcount_count_cy<16>)
     MUXCY:CI->O           1   0.023   0.000  Mcount_count_cy<17> (Mcount_count_cy<17>)
     MUXCY:CI->O           1   0.023   0.000  Mcount_count_cy<18> (Mcount_count_cy<18>)
     MUXCY:CI->O           1   0.023   0.000  Mcount_count_cy<19> (Mcount_count_cy<19>)
     MUXCY:CI->O           1   0.023   0.000  Mcount_count_cy<20> (Mcount_count_cy<20>)
     MUXCY:CI->O           1   0.023   0.000  Mcount_count_cy<21> (Mcount_count_cy<21>)
     MUXCY:CI->O           1   0.023   0.000  Mcount_count_cy<22> (Mcount_count_cy<22>)
     MUXCY:CI->O           1   0.023   0.000  Mcount_count_cy<23> (Mcount_count_cy<23>)
     MUXCY:CI->O           1   0.023   0.000  Mcount_count_cy<24> (Mcount_count_cy<24>)
     MUXCY:CI->O           1   0.023   0.000  Mcount_count_cy<25> (Mcount_count_cy<25>)
     MUXCY:CI->O           1   0.023   0.000  Mcount_count_cy<26> (Mcount_count_cy<26>)
     MUXCY:CI->O           0   0.023   0.000  Mcount_count_cy<27> (Mcount_count_cy<27>)
     XORCY:CI->O           1   0.206   0.000  Mcount_count_xor<28> (Result<28>)
     FD:D                      0.074          count_28
    ----------------------------------------
    Total                      2.584ns (1.903ns logic, 0.681ns route)
                                       (73.6% logic, 26.4% route)

=========================================================================
Timing constraint: Default OFFSET OUT AFTER for Clock 'clk_50M'
  Total number of paths / destination ports: 28 / 7
-------------------------------------------------------------------------
Offset:              5.592ns (Levels of Logic = 2)
  Source:            count_26 (FF)
  Destination:       dataout<6> (PAD)
  Source Clock:      clk_50M rising

  Data Path: count_26 to dataout<6>
                                Gate     Net
    Cell:in->out      fanout   Delay   Delay  Logical Name (Net Name)
    ----------------------------------------  ------------
     FD:C->Q               8   0.525   1.220  count_26 (count_26)
     LUT4:I0->O            1   0.254   0.681  Mram_dataout61 (dataout_6_OBUF)
     OBUF:I->O                 2.912          dataout_6_OBUF (dataout<6>)
    ----------------------------------------
    Total                      5.592ns (3.691ns logic, 1.901ns route)
                                       (66.0% logic, 34.0% route)

=========================================================================

Cross Clock Domains Report:
--------------------------

Clock to Setup on destination clock clk_50M
---------------+---------+---------+---------+---------+
               | Src:Rise| Src:Fall| Src:Rise| Src:Fall|
Source Clock   |Dest:Rise|Dest:Rise|Dest:Fall|Dest:Fall|
---------------+---------+---------+---------+---------+
clk_50M        |    2.584|         |         |         |
---------------+---------+---------+---------+---------+

=========================================================================


Total REAL time to Xst completion: 7.00 secs
Total CPU time to Xst completion: 7.44 secs
 
--> 

Total memory usage is 212532 kilobytes

Number of errors   :    0 (   0 filtered)
Number of warnings :    1 (   0 filtered)
Number of infos    :    1 (   0 filtered)

