--------------------------------------------------------------------------------
Release 14.3 Trace  (nt)
Copyright (c) 1995-2012 Xilinx, Inc.  All rights reserved.

E:\Xilinx\14.3\ISE_DS\ISE\bin\nt\unwrapped\trce.exe -intstyle ise -e 3 -s 2 -n
3 -xml mlt.twx mlt.ncd -o mlt.twr mlt.pcf -ucf mlt.ucf

Design file:              mlt.ncd
Physical constraint file: mlt.pcf
Device,package,speed:     xc6slx9,tqg144,C,-2 (PRODUCTION 1.23 2012-10-12)
Report level:             error report

Environment Variable      Effect 
--------------------      ------ 
NONE                      No environment variables were set
--------------------------------------------------------------------------------

INFO:Timing:2698 - No timing constraints found, doing default enumeration.
INFO:Timing:3412 - To improve timing, see the Timing Closure User Guide (UG612).
INFO:Timing:2752 - To get complete path coverage, use the unconstrained paths 
   option. All paths that are not constrained will be reported in the 
   unconstrained paths section(s) of the report.
INFO:Timing:3339 - The clock-to-out numbers in this timing report are based on 
   a 50 Ohm transmission line loading model.  For the details of this model, 
   and for more information on accounting for different loading conditions, 
   please see the device datasheet.



Data Sheet report:
-----------------
All values displayed in nanoseconds (ns)

Pad to Pad
---------------+---------------+---------+
Source Pad     |Destination Pad|  Delay  |
---------------+---------------+---------+
a<0>           |c<0>           |   10.701|
a<0>           |c<1>           |   10.382|
a<0>           |c<2>           |   11.456|
a<0>           |c<3>           |   11.097|
a<0>           |c<4>           |   11.883|
a<0>           |c<5>           |   12.067|
a<0>           |c<6>           |   11.112|
a<1>           |c<0>           |   11.011|
a<1>           |c<1>           |   10.692|
a<1>           |c<2>           |   11.113|
a<1>           |c<3>           |   11.407|
a<1>           |c<4>           |   12.251|
a<1>           |c<5>           |   11.724|
a<1>           |c<6>           |   11.480|
b<0>           |c<0>           |   10.828|
b<0>           |c<1>           |   10.509|
b<0>           |c<2>           |   11.546|
b<0>           |c<3>           |   11.224|
b<0>           |c<4>           |   11.612|
b<0>           |c<5>           |   12.157|
b<0>           |c<6>           |   10.841|
b<1>           |c<0>           |   10.915|
b<1>           |c<1>           |   10.596|
b<1>           |c<2>           |   11.518|
b<1>           |c<3>           |   11.311|
b<1>           |c<4>           |   11.953|
b<1>           |c<5>           |   12.129|
b<1>           |c<6>           |   11.182|
---------------+---------------+---------+


Analysis completed Thu Jun 05 16:11:04 2014 
--------------------------------------------------------------------------------

Trace Settings:
-------------------------
Trace Settings 

Peak Memory Usage: 147 MB



