Release 14.3 - xst P.40xd (nt)
Copyright (c) 1995-2012 Xilinx, Inc.  All rights reserved.
--> Parameter TMPDIR set to xst/projnav.tmp


Total REAL time to Xst completion: 1.00 secs
Total CPU time to Xst completion: 0.25 secs
 
--> Parameter xsthdpdir set to xst


Total REAL time to Xst completion: 1.00 secs
Total CPU time to Xst completion: 0.25 secs
 
--> Reading design: BM_KG_SMG_LED.prj

TABLE OF CONTENTS
  1) Synthesis Options Summary
  2) HDL Parsing
  3) HDL Elaboration
  4) HDL Synthesis
       4.1) HDL Synthesis Report
  5) Advanced HDL Synthesis
       5.1) Advanced HDL Synthesis Report
  6) Low Level Synthesis
  7) Partition Report
  8) Design Summary
       8.1) Primitive and Black Box Usage
       8.2) Device utilization summary
       8.3) Partition Resource Summary
       8.4) Timing Report
            8.4.1) Clock Information
            8.4.2) Asynchronous Control Signals Information
            8.4.3) Timing Summary
            8.4.4) Timing Details
            8.4.5) Cross Clock Domains Report


=========================================================================
*                      Synthesis Options Summary                        *
=========================================================================
---- Source Parameters
Input File Name                    : "BM_KG_SMG_LED.prj"
Ignore Synthesis Constraint File   : NO

---- Target Parameters
Output File Name                   : "BM_KG_SMG_LED"
Output Format                      : NGC
Target Device                      : xc6slx9-2-tqg144

---- Source Options
Top Module Name                    : BM_KG_SMG_LED
Automatic FSM Extraction           : YES
FSM Encoding Algorithm             : Auto
Safe Implementation                : No
FSM Style                          : LUT
RAM Extraction                     : Yes
RAM Style                          : Auto
ROM Extraction                     : Yes
Shift Register Extraction          : YES
ROM Style                          : Auto
Resource Sharing                   : YES
Asynchronous To Synchronous        : NO
Shift Register Minimum Size        : 2
Use DSP Block                      : Auto
Automatic Register Balancing       : No

---- Target Options
LUT Combining                      : Auto
Reduce Control Sets                : Auto
Add IO Buffers                     : YES
Global Maximum Fanout              : 100000
Add Generic Clock Buffer(BUFG)     : 16
Register Duplication               : YES
Optimize Instantiated Primitives   : NO
Use Clock Enable                   : Auto
Use Synchronous Set                : Auto
Use Synchronous Reset              : Auto
Pack IO Registers into IOBs        : Auto
Equivalent register Removal        : YES

---- General Options
Optimization Goal                  : Speed
Optimization Effort                : 1
Power Reduction                    : NO
Keep Hierarchy                     : No
Netlist Hierarchy                  : As_Optimized
RTL Output                         : Yes
Global Optimization                : AllClockNets
Read Cores                         : YES
Write Timing Constraints           : NO
Cross Clock Analysis               : NO
Hierarchy Separator                : /
Bus Delimiter                      : <>
Case Specifier                     : Maintain
Slice Utilization Ratio            : 100
BRAM Utilization Ratio             : 100
DSP48 Utilization Ratio            : 100
Auto BRAM Packing                  : NO
Slice Utilization Ratio Delta      : 5

=========================================================================


=========================================================================
*                          HDL Parsing                                  *
=========================================================================
Parsing VHDL file "D:\X9\v\BM_KG_SMG_LED\BM_KG_SMG_LED\BM_KG_SMG_LED.vhd" into library work
Parsing entity <BM_KG_SMG_LED>.
Parsing architecture <Behavioral> of entity <bm_kg_smg_led>.

=========================================================================
*                            HDL Elaboration                            *
=========================================================================

Elaborating entity <BM_KG_SMG_LED> (architecture <Behavioral>) from library <work>.
WARNING:HDLCompiler:92 - "D:\X9\v\BM_KG_SMG_LED\BM_KG_SMG_LED\BM_KG_SMG_LED.vhd" Line 35: bm_kg_temp should be on the sensitivity list of the process

=========================================================================
*                           HDL Synthesis                               *
=========================================================================

Synthesizing Unit <BM_KG_SMG_LED>.
    Related source file is "D:\X9\v\BM_KG_SMG_LED\BM_KG_SMG_LED\BM_KG_SMG_LED.vhd".
    Summary:
	no macro.
Unit <BM_KG_SMG_LED> synthesized.

=========================================================================
HDL Synthesis Report

Found no macro
=========================================================================

=========================================================================
*                       Advanced HDL Synthesis                          *
=========================================================================


=========================================================================
Advanced HDL Synthesis Report

Found no macro
=========================================================================

=========================================================================
*                         Low Level Synthesis                           *
=========================================================================

Optimizing unit <BM_KG_SMG_LED> ...

Mapping all equations...
Building and optimizing final netlist ...
Found area constraint ratio of 100 (+ 5) on block BM_KG_SMG_LED, actual ratio is 0.

Final Macro Processing ...

=========================================================================
Final Register Report

Found no macro
=========================================================================

=========================================================================
*                           Partition Report                            *
=========================================================================

Partition Implementation Status
-------------------------------

  No Partitions were found in this design.

-------------------------------

=========================================================================
*                            Design Summary                             *
=========================================================================

Top Level Output File Name         : BM_KG_SMG_LED.ngc

Primitive and Black Box Usage:
------------------------------
# BELS                             : 17
#      GND                         : 1
#      LUT3                        : 1
#      LUT4                        : 3
#      LUT5                        : 6
#      LUT6                        : 5
#      VCC                         : 1
# IO Buffers                       : 24
#      IBUF                        : 8
#      OBUF                        : 16

Device utilization summary:
---------------------------

Selected Device : 6slx9tqg144-2 


Slice Logic Utilization: 
 Number of Slice LUTs:                   15  out of   5720     0%  
    Number used as Logic:                15  out of   5720     0%  

Slice Logic Distribution: 
 Number of LUT Flip Flop pairs used:     15
   Number with an unused Flip Flop:      15  out of     15   100%  
   Number with an unused LUT:             0  out of     15     0%  
   Number of fully used LUT-FF pairs:     0  out of     15     0%  
   Number of unique control sets:         0

IO Utilization: 
 Number of IOs:                          24
 Number of bonded IOBs:                  24  out of    102    23%  

Specific Feature Utilization:

---------------------------
Partition Resource Summary:
---------------------------

  No Partitions were found in this design.

---------------------------


=========================================================================
Timing Report

NOTE: THESE TIMING NUMBERS ARE ONLY A SYNTHESIS ESTIMATE.
      FOR ACCURATE TIMING INFORMATION PLEASE REFER TO THE TRACE REPORT
      GENERATED AFTER PLACE-and-ROUTE.

Clock Information:
------------------
No clock signals found in this design

Asynchronous Control Signals Information:
----------------------------------------
No asynchronous control signals found in this design

Timing Summary:
---------------
Speed Grade: -2

   Minimum period: No path found
   Minimum input arrival time before clock: No path found
   Maximum output required time after clock: No path found
   Maximum combinational path delay: 10.239ns

Timing Details:
---------------
All values displayed in nanoseconds (ns)

=========================================================================
Timing constraint: Default path analysis
  Total number of paths / destination ports: 152 / 7
-------------------------------------------------------------------------
Delay:               10.239ns (Levels of Logic = 6)
  Source:            BM_KG_data<4> (PAD)
  Destination:       LED7S<4> (PAD)

  Data Path: BM_KG_data<4> to LED7S<4>
                                Gate     Net
    Cell:in->out      fanout   Delay   Delay  Logical Name (Net Name)
    ----------------------------------------  ------------
     IBUF:I->O             6   1.328   1.152  BM_KG_data_4_IBUF (BM_KG_data_4_IBUF)
     LUT4:I0->O            4   0.254   1.234  PWR_5_o_BM_KG_temp[7]_equal_1_o<7>11 (PWR_5_o_BM_KG_temp[7]_equal_1_o<7>1)
     LUT5:I0->O            1   0.254   0.682  LED7S<2>2_SW0 (N2)
     LUT6:I5->O            4   0.254   1.234  LED7S<2>2 (LED7S<2>2)
     LUT6:I1->O            1   0.254   0.681  LED7S<4> (LED7S_4_OBUF)
     OBUF:I->O                 2.912          LED7S_4_OBUF (LED7S<4>)
    ----------------------------------------
    Total                     10.239ns (5.256ns logic, 4.983ns route)
                                       (51.3% logic, 48.7% route)

=========================================================================

Cross Clock Domains Report:
--------------------------

=========================================================================


Total REAL time to Xst completion: 12.00 secs
Total CPU time to Xst completion: 11.72 secs
 
--> 

Total memory usage is 214836 kilobytes

Number of errors   :    0 (   0 filtered)
Number of warnings :    1 (   0 filtered)
Number of infos    :    0 (   0 filtered)

