iMPACT Version: 
iMPACT log file Started on Tue Nov 06 13:52:07 2012

// *** BATCH CMD : loadProjectFile -file"D:\XC3S500\Timer_24\digital_clock/digital_clock.ipf"
Connecting to cable (Parallel Port - LPT1).
Checking cable driver.
 Driver windrvr6.sys version = 8.1.0.0. WinDriver v8.10 Jungo (c) 1997 - 2006 Build Date: Aug 15 2006 X86 32bit SYS14:21:34, version = 810.
 LPT base address = 0378h.
 ECP base address = FFFFFFFFh.
Cable connection established.
Connecting to cable (Parallel Port - LPT1).
Checking cable driver.
 Driver windrvr6.sys version = 8.1.0.0. WinDriver v8.10 Jungo (c) 1997 - 2006 Build Date: Aug 15 2006 X86 32bit SYS14:21:34, version = 810.
 LPT base address = 0378h.
 ECP base address = FFFFFFFFh.
Cable connection established.
INFO:iMPACT:501 - '1': Added Device m25p80 successfully.
----------------------------------------------------------------------
----------------------------------------------------------------------
'1': Loading file 'D:/XC3S500/TIMAE_24/digital_clock/clock.mcs' ...
ERROR:iMPACT:1525 - File D:/XC3S500/TIMAE_24/digital_clock/clock.mcs can not be   found.
ERROR:iMPACT - Cannot read file: D:/XC3S500/TIMAE_24/digital_clock/clock.mcs.
'1': Loading file 'D:/XC3S500/TIMAE_24/digital_clock/digital_clock.bit' ...
ERROR:iMPACT:1525 - File D:/XC3S500/TIMAE_24/digital_clock/digital_clock.bit can   not be found.
ERROR:iMPACT:2009 - Fail to add device by file   D:/XC3S500/TIMAE_24/digital_clock/digital_clock.bit.
ERROR:iMPACT:2587 - Failed to add device 0.
Active mode is SPI
// *** BATCH CMD : loadProjectFile -file"D:\XC3S500\Timer_24\digital_clock/digital_clock.ipf"
Connecting to cable (Parallel Port - LPT1).
Checking cable driver.
 Driver windrvr6.sys version = 8.1.0.0. WinDriver v8.10 Jungo (c) 1997 - 2006 Build Date: Aug 15 2006 X86 32bit SYS14:21:34, version = 810.
 LPT base address = 0378h.
 ECP base address = FFFFFFFFh.
Cable connection established.
Connecting to cable (Parallel Port - LPT1).
Checking cable driver.
 Driver windrvr6.sys version = 8.1.0.0. WinDriver v8.10 Jungo (c) 1997 - 2006 Build Date: Aug 15 2006 X86 32bit SYS14:21:34, version = 810.
 LPT base address = 0378h.
 ECP base address = FFFFFFFFh.
Cable connection established.
INFO:iMPACT:501 - '1': Added Device m25p80 successfully.
----------------------------------------------------------------------
----------------------------------------------------------------------
'1': Loading file 'D:/XC3S500/TIMAE_24/digital_clock/clock.mcs' ...
ERROR:iMPACT:1525 - File D:/XC3S500/TIMAE_24/digital_clock/clock.mcs can not be   found.
ERROR:iMPACT - Cannot read file: D:/XC3S500/TIMAE_24/digital_clock/clock.mcs.
'1': Loading file 'D:/XC3S500/TIMAE_24/digital_clock/digital_clock.bit' ...
ERROR:iMPACT:1525 - File D:/XC3S500/TIMAE_24/digital_clock/digital_clock.bit can   not be found.
ERROR:iMPACT:2009 - Fail to add device by file   D:/XC3S500/TIMAE_24/digital_clock/digital_clock.bit.
ERROR:iMPACT:2587 - Failed to add device 0.
Active mode is SPI
