Release 14.3 - xst P.40xd (nt)
Copyright (c) 1995-2012 Xilinx, Inc.  All rights reserved.
--> Parameter TMPDIR set to xst/projnav.tmp


Total REAL time to Xst completion: 0.00 secs
Total CPU time to Xst completion: 0.27 secs
 
--> Parameter xsthdpdir set to xst


Total REAL time to Xst completion: 0.00 secs
Total CPU time to Xst completion: 0.27 secs
 
--> Reading design: Div_F_1miao.prj

TABLE OF CONTENTS
  1) Synthesis Options Summary
  2) HDL Parsing
  3) HDL Elaboration
  4) HDL Synthesis
       4.1) HDL Synthesis Report
  5) Advanced HDL Synthesis
       5.1) Advanced HDL Synthesis Report
  6) Low Level Synthesis
  7) Partition Report
  8) Design Summary
       8.1) Primitive and Black Box Usage
       8.2) Device utilization summary
       8.3) Partition Resource Summary
       8.4) Timing Report
            8.4.1) Clock Information
            8.4.2) Asynchronous Control Signals Information
            8.4.3) Timing Summary
            8.4.4) Timing Details
            8.4.5) Cross Clock Domains Report


=========================================================================
*                      Synthesis Options Summary                        *
=========================================================================
---- Source Parameters
Input File Name                    : "Div_F_1miao.prj"
Ignore Synthesis Constraint File   : NO

---- Target Parameters
Output File Name                   : "Div_F_1miao"
Output Format                      : NGC
Target Device                      : xc6slx9-2-tqg144

---- Source Options
Top Module Name                    : Div_F_1miao
Automatic FSM Extraction           : YES
FSM Encoding Algorithm             : Auto
Safe Implementation                : No
FSM Style                          : LUT
RAM Extraction                     : Yes
RAM Style                          : Auto
ROM Extraction                     : Yes
Shift Register Extraction          : YES
ROM Style                          : Auto
Resource Sharing                   : YES
Asynchronous To Synchronous        : NO
Shift Register Minimum Size        : 2
Use DSP Block                      : Auto
Automatic Register Balancing       : No

---- Target Options
LUT Combining                      : Auto
Reduce Control Sets                : Auto
Add IO Buffers                     : YES
Global Maximum Fanout              : 100000
Add Generic Clock Buffer(BUFG)     : 16
Register Duplication               : YES
Optimize Instantiated Primitives   : NO
Use Clock Enable                   : Auto
Use Synchronous Set                : Auto
Use Synchronous Reset              : Auto
Pack IO Registers into IOBs        : Auto
Equivalent register Removal        : YES

---- General Options
Optimization Goal                  : Speed
Optimization Effort                : 1
Power Reduction                    : NO
Keep Hierarchy                     : No
Netlist Hierarchy                  : As_Optimized
RTL Output                         : Yes
Global Optimization                : AllClockNets
Read Cores                         : YES
Write Timing Constraints           : NO
Cross Clock Analysis               : NO
Hierarchy Separator                : /
Bus Delimiter                      : <>
Case Specifier                     : Maintain
Slice Utilization Ratio            : 100
BRAM Utilization Ratio             : 100
DSP48 Utilization Ratio            : 100
Auto BRAM Packing                  : NO
Slice Utilization Ratio Delta      : 5

=========================================================================


=========================================================================
*                          HDL Parsing                                  *
=========================================================================
Parsing VHDL file "D:\X9\v\Div_F_1miao\Div_F_1miao\Div_F_1miao.vhd" into library work
Parsing entity <Div_F_1miao>.
Parsing architecture <Behavioral> of entity <div_f_1miao>.

=========================================================================
*                            HDL Elaboration                            *
=========================================================================

Elaborating entity <Div_F_1miao> (architecture <Behavioral>) from library <work>.

=========================================================================
*                           HDL Synthesis                               *
=========================================================================

Synthesizing Unit <Div_F_1miao>.
    Related source file is "D:\X9\v\Div_F_1miao\Div_F_1miao\Div_F_1miao.vhd".
    Found 1-bit register for signal <ff>.
    Found 25-bit register for signal <cnt>.
    Found 25-bit adder for signal <cnt[24]_GND_5_o_add_1_OUT> created at line 35.
    Found 25-bit comparator greater for signal <cnt[24]_PWR_5_o_LessThan_1_o> created at line 34
    Summary:
	inferred   1 Adder/Subtractor(s).
	inferred  26 D-type flip-flop(s).
	inferred   1 Comparator(s).
Unit <Div_F_1miao> synthesized.

=========================================================================
HDL Synthesis Report

Macro Statistics
# Adders/Subtractors                                   : 1
 25-bit adder                                          : 1
# Registers                                            : 2
 1-bit register                                        : 1
 25-bit register                                       : 1
# Comparators                                          : 1
 25-bit comparator greater                             : 1

=========================================================================

=========================================================================
*                       Advanced HDL Synthesis                          *
=========================================================================


Synthesizing (advanced) Unit <Div_F_1miao>.
The following registers are absorbed into counter <cnt>: 1 register on signal <cnt>.
Unit <Div_F_1miao> synthesized (advanced).

=========================================================================
Advanced HDL Synthesis Report

Macro Statistics
# Counters                                             : 1
 25-bit up counter                                     : 1
# Registers                                            : 1
 Flip-Flops                                            : 1
# Comparators                                          : 1
 25-bit comparator greater                             : 1

=========================================================================

=========================================================================
*                         Low Level Synthesis                           *
=========================================================================

Optimizing unit <Div_F_1miao> ...

Mapping all equations...
Building and optimizing final netlist ...
Found area constraint ratio of 100 (+ 5) on block Div_F_1miao, actual ratio is 0.

Final Macro Processing ...

=========================================================================
Final Register Report

Macro Statistics
# Registers                                            : 26
 Flip-Flops                                            : 26

=========================================================================

=========================================================================
*                           Partition Report                            *
=========================================================================

Partition Implementation Status
-------------------------------

  No Partitions were found in this design.

-------------------------------

=========================================================================
*                            Design Summary                             *
=========================================================================

Top Level Output File Name         : Div_F_1miao.ngc

Primitive and Black Box Usage:
------------------------------
# BELS                             : 116
#      GND                         : 1
#      INV                         : 2
#      LUT1                        : 24
#      LUT2                        : 26
#      LUT4                        : 1
#      LUT5                        : 7
#      MUXCY                       : 29
#      VCC                         : 1
#      XORCY                       : 25
# FlipFlops/Latches                : 26
#      FD                          : 25
#      FDE                         : 1
# Clock Buffers                    : 1
#      BUFGP                       : 1
# IO Buffers                       : 1
#      OBUF                        : 1

Device utilization summary:
---------------------------

Selected Device : 6slx9tqg144-2 


Slice Logic Utilization: 
 Number of Slice Registers:              26  out of  11440     0%  
 Number of Slice LUTs:                   60  out of   5720     1%  
    Number used as Logic:                60  out of   5720     1%  

Slice Logic Distribution: 
 Number of LUT Flip Flop pairs used:     60
   Number with an unused Flip Flop:      34  out of     60    56%  
   Number with an unused LUT:             0  out of     60     0%  
   Number of fully used LUT-FF pairs:    26  out of     60    43%  
   Number of unique control sets:         2

IO Utilization: 
 Number of IOs:                           2
 Number of bonded IOBs:                   2  out of    102     1%  

Specific Feature Utilization:
 Number of BUFG/BUFGCTRLs:                1  out of     16     6%  

---------------------------
Partition Resource Summary:
---------------------------

  No Partitions were found in this design.

---------------------------


=========================================================================
Timing Report

NOTE: THESE TIMING NUMBERS ARE ONLY A SYNTHESIS ESTIMATE.
      FOR ACCURATE TIMING INFORMATION PLEASE REFER TO THE TRACE REPORT
      GENERATED AFTER PLACE-and-ROUTE.

Clock Information:
------------------
-----------------------------------+------------------------+-------+
Clock Signal                       | Clock buffer(FF name)  | Load  |
-----------------------------------+------------------------+-------+
clk                                | BUFGP                  | 26    |
-----------------------------------+------------------------+-------+

Asynchronous Control Signals Information:
----------------------------------------
No asynchronous control signals found in this design

Timing Summary:
---------------
Speed Grade: -2

   Minimum period: 4.246ns (Maximum Frequency: 235.490MHz)
   Minimum input arrival time before clock: No path found
   Maximum output required time after clock: 5.098ns
   Maximum combinational path delay: No path found

Timing Details:
---------------
All values displayed in nanoseconds (ns)

=========================================================================
Timing constraint: Default period analysis for Clock 'clk'
  Clock period: 4.246ns (frequency: 235.490MHz)
  Total number of paths / destination ports: 1392 / 27
-------------------------------------------------------------------------
Delay:               4.246ns (Levels of Logic = 6)
  Source:            cnt_6 (FF)
  Destination:       cnt_0 (FF)
  Source Clock:      clk rising
  Destination Clock: clk rising

  Data Path: cnt_6 to cnt_0
                                Gate     Net
    Cell:in->out      fanout   Delay   Delay  Logical Name (Net Name)
    ----------------------------------------  ------------
     FD:C->Q               3   0.525   1.196  cnt_6 (cnt_6)
     LUT5:I0->O            1   0.254   0.000  Mcompar_cnt[24]_PWR_5_o_LessThan_1_o_lut<1> (Mcompar_cnt[24]_PWR_5_o_LessThan_1_o_lut<1>)
     MUXCY:S->O            1   0.215   0.000  Mcompar_cnt[24]_PWR_5_o_LessThan_1_o_cy<1> (Mcompar_cnt[24]_PWR_5_o_LessThan_1_o_cy<1>)
     MUXCY:CI->O           1   0.023   0.000  Mcompar_cnt[24]_PWR_5_o_LessThan_1_o_cy<2> (Mcompar_cnt[24]_PWR_5_o_LessThan_1_o_cy<2>)
     MUXCY:CI->O           1   0.023   0.000  Mcompar_cnt[24]_PWR_5_o_LessThan_1_o_cy<3> (Mcompar_cnt[24]_PWR_5_o_LessThan_1_o_cy<3>)
     MUXCY:CI->O          26   0.262   1.420  Mcompar_cnt[24]_PWR_5_o_LessThan_1_o_cy<4> (Mcompar_cnt[24]_PWR_5_o_LessThan_1_o_cy<4>)
     LUT2:I1->O            1   0.254   0.000  cnt_0_rstpot (cnt_0_rstpot)
     FD:D                      0.074          cnt_0
    ----------------------------------------
    Total                      4.246ns (1.631ns logic, 2.616ns route)
                                       (38.4% logic, 61.6% route)

=========================================================================
Timing constraint: Default OFFSET OUT AFTER for Clock 'clk'
  Total number of paths / destination ports: 1 / 1
-------------------------------------------------------------------------
Offset:              5.098ns (Levels of Logic = 2)
  Source:            ff (FF)
  Destination:       miao_out (PAD)
  Source Clock:      clk rising

  Data Path: ff to miao_out
                                Gate     Net
    Cell:in->out      fanout   Delay   Delay  Logical Name (Net Name)
    ----------------------------------------  ------------
     FDE:C->Q              1   0.525   0.681  ff (ff)
     INV:I->O              2   0.255   0.725  miao_out1_INV_0 (miao_out_OBUF)
     OBUF:I->O                 2.912          miao_out_OBUF (miao_out)
    ----------------------------------------
    Total                      5.098ns (3.692ns logic, 1.406ns route)
                                       (72.4% logic, 27.6% route)

=========================================================================

Cross Clock Domains Report:
--------------------------

Clock to Setup on destination clock clk
---------------+---------+---------+---------+---------+
               | Src:Rise| Src:Fall| Src:Rise| Src:Fall|
Source Clock   |Dest:Rise|Dest:Rise|Dest:Fall|Dest:Fall|
---------------+---------+---------+---------+---------+
clk            |    4.246|         |         |         |
---------------+---------+---------+---------+---------+

=========================================================================


Total REAL time to Xst completion: 11.00 secs
Total CPU time to Xst completion: 11.40 secs
 
--> 

Total memory usage is 214132 kilobytes

Number of errors   :    0 (   0 filtered)
Number of warnings :    0 (   0 filtered)
Number of infos    :    0 (   0 filtered)

