iMPACT Version: Nov 14 2006 20:34:41

iMPACT log file Started on Tue Aug 31 22:09:18 2010

Connecting to cable (Parallel Port - LPT1).
Checking cable driver.
 Driver windrvr6.sys version = 8.1.0.0. WinDriver v8.10 Jungo (c) 1997 - 2006 Build Date: Aug 15 2006 X86 32bit SYS14:21:34, version = 810.
 LPT base address = 0378h.
 ECP base address = FFFFFFFFh.
Cable connection established.
'1': Loading file 'D:/XC3S500/KEY_LED/KEY_LED/key_led.bit' ...
done.
INFO:iMPACT:1777 - 
   Reading C:/Xilinx91i/spartan3e/data/xc3s500e.bsd...
WARNING:iMPACT:2257 - Startup Clock has been changed to 'JtagClk' in the   bitstream stored in memory,
   but the original bitstream file remains unchanged.
INFO:iMPACT:501 - '1': Added Device xc3s500e successfully.
----------------------------------------------------------------------
----------------------------------------------------------------------
Active mode is BS
ERROR:iMPACT:2667 - base class function generate() is called.
Connecting to cable (Parallel Port - LPT1).
Connecting to cable (Parallel Port - LPT1).
Checking cable driver.
Checking cable driver.
 Driver windrvr6.sys version = 8.1.0.0. Driver windrvr6.sys version = 8.1.0.0. WinDriver v8.10 Jungo (c) 1997 - 2006 Build Date: Aug 15 2006 X86 32bit SYS14:21:34, version = 810.
 WinDriver v8.10 Jungo (c) 1997 - 2006 Build Date: Aug 15 2006 X86 32bit SYS14:21:34, version = 810.
 LPT base address = 0378h.
 LPT base address = 0378h.
 ECP base address = FFFFFFFFh.
 ECP base address = FFFFFFFFh.
Cable connection established.
Cable connection established.
'1': Loading file 'D:/XC3S500/KEY_LED/KEY_LED/key_led.bit' ...
'1': Loading file 'D:/XC3S500/KEY_LED/KEY_LED/key_led.bit' ...
done.
done.
INFO:iMPACT:1777 - 
   Reading C:/Xilinx91i/spartan3e/data/xc3s500e.bsd...
INFO:iMPACT:1777 - 
   Reading C:/Xilinx91i/spartan3e/data/xc3s500e.bsd...
INFO:iMPACT:501 - '1': Added Device xc3s500e successfully.
INFO:iMPACT:501 - '1': Added Device xc3s500e successfully.
----------------------------------------------------------------------
----------------------------------------------------------------------
----------------------------------------------------------------------
----------------------------------------------------------------------
Active mode is BS
Active mode is BS
ERROR:iMPACT:2667 - base class function generate() is called.
ERROR:iMPACT:2667 - base class function generate() is called.
// *** BATCH CMD : loadProjectFile -file"D:/XC3S500/KEY_LED/KEY_LED/KEY_LED.ipf"
// *** BATCH CMD : loadProjectFile -file"D:/XC3S500/KEY_LED/KEY_LED/KEY_LED.ipf"
Connecting to cable (Parallel Port - LPT1).
Connecting to cable (Parallel Port - LPT1).
Checking cable driver.
Checking cable driver.
 Driver windrvr6.sys version = 8.1.0.0. Driver windrvr6.sys version = 8.1.0.0. WinDriver v8.10 Jungo (c) 1997 - 2006 Build Date: Aug 15 2006 X86 32bit SYS14:21:34, version = 810.
 WinDriver v8.10 Jungo (c) 1997 - 2006 Build Date: Aug 15 2006 X86 32bit SYS14:21:34, version = 810.
 LPT base address = 0378h.
 LPT base address = 0378h.
 ECP base address = FFFFFFFFh.
 ECP base address = FFFFFFFFh.
Cable connection established.
Cable connection established.
'1': Loading file 'D:/XC3S500/KEY_LED/KEY_LED/key_led.bit' ...
'1': Loading file 'D:/XC3S500/KEY_LED/KEY_LED/key_led.bit' ...
done.
done.
INFO:iMPACT:1777 - 
   Reading C:/Xilinx91i/spartan3e/data/xc3s500e.bsd...
INFO:iMPACT:1777 - 
   Reading C:/Xilinx91i/spartan3e/data/xc3s500e.bsd...
INFO:iMPACT:501 - '1': Added Device xc3s500e successfully.
INFO:iMPACT:501 - '1': Added Device xc3s500e successfully.
----------------------------------------------------------------------
----------------------------------------------------------------------
----------------------------------------------------------------------
----------------------------------------------------------------------
Active mode is BS
Active mode is BS
// *** BATCH CMD : setMode -ss
// *** BATCH CMD : setMode -ss
// *** BATCH CMD : setMode -sm
// *** BATCH CMD : setMode -sm
// *** BATCH CMD : setMode -hw140
// *** BATCH CMD : setMode -hw140
// *** BATCH CMD : setMode -spi
// *** BATCH CMD : setMode -spi
// *** BATCH CMD : setMode -acecf
// *** BATCH CMD : setMode -acecf
// *** BATCH CMD : setMode -acempm
// *** BATCH CMD : setMode -acempm
// *** BATCH CMD : setMode -pff
// *** BATCH CMD : setMode -pff
// *** BATCH CMD : setMode -bs
// *** BATCH CMD : setMode -bs
// *** BATCH CMD : setMode -bs
// *** BATCH CMD : setMode -bs
// *** BATCH CMD : setMode -bs
// *** BATCH CMD : setMode -bs
// *** BATCH CMD : setMode -bs
// *** BATCH CMD : setMode -bs
// *** BATCH CMD : Program -p 1 -v -defaultVersion 0 
// *** BATCH CMD : Program -p 1 -v -defaultVersion 0 
Maximum TCK operating frequency for this device chain: 0.
Maximum TCK operating frequency for this device chain: 0.
Validating chain...
Validating chain...
Boundary-scan chain validated successfully.
Boundary-scan chain validated successfully.
PROGRESS_START - Starting Operation.
PROGRESS_START - Starting Operation.
ERROR:Bitstream:2 - The input file "D:/XC3S500/KEY_LED/KEY_LED/key_led.msk" does   not exist.  Please check that the specified location is correct and that the   bitstream was successfully created.
ERROR:Bitstream:2 - The input file "D:/XC3S500/KEY_LED/KEY_LED/key_led.msk" does   not exist.  Please check that the specified location is correct and that the   bitstream was successfully created.
ERROR:iMPACT:123 - Mask file D:/XC3S500/KEY_LED/KEY_LED/key_led.msk is invalid.
ERROR:iMPACT:123 - Mask file D:/XC3S500/KEY_LED/KEY_LED/key_led.msk is invalid.
PROGRESS_END - End Operation.
PROGRESS_END - End Operation.
Elapsed time =      0 sec.
Elapsed time =      0 sec.
// *** BATCH CMD : Program -p 1 -v -defaultVersion 0 
// *** BATCH CMD : Program -p 1 -v -defaultVersion 0 
Maximum TCK operating frequency for this device chain: 0.
Maximum TCK operating frequency for this device chain: 0.
Validating chain...
Validating chain...
Boundary-scan chain validated successfully.
Boundary-scan chain validated successfully.
PROGRESS_START - Starting Operation.
PROGRESS_START - Starting Operation.
ERROR:Bitstream:2 - The input file "D:/XC3S500/KEY_LED/KEY_LED/key_led.msk" does   not exist.  Please check that the specified location is correct and that the   bitstream was successfully created.
ERROR:Bitstream:2 - The input file "D:/XC3S500/KEY_LED/KEY_LED/key_led.msk" does   not exist.  Please check that the specified location is correct and that the   bitstream was successfully created.
ERROR:iMPACT:123 - Mask file D:/XC3S500/KEY_LED/KEY_LED/key_led.msk is invalid.
ERROR:iMPACT:123 - Mask file D:/XC3S500/KEY_LED/KEY_LED/key_led.msk is invalid.
PROGRESS_END - End Operation.
PROGRESS_END - End Operation.
Elapsed time =      0 sec.
Elapsed time =      0 sec.
// *** BATCH CMD : setMode -bs
// *** BATCH CMD : setMode -bs
// *** BATCH CMD : deleteDevice -position 1
// *** BATCH CMD : deleteDevice -position 1
