Release 9.1i Map J.30
Xilinx Mapping Report File for Design 'UART'

Design Information
------------------
Command Line   : C:\Xilinx91i\bin\nt\map.exe -ise
D:/XC3S500E_Verilog/UART/UART/UART.ise -intstyle ise -p xc3s500e-pq208-4 -cm
area -pr b -k 4 -c 100 -o UART_map.ncd UART.ngd UART.pcf 
Target Device  : xc3s500e
Target Package : pq208
Target Speed   : -4
Mapper Version : spartan3e -- $Revision: 1.36 $
Mapped Date    : Mon Oct 18 23:34:25 2010

Design Summary
--------------
Number of errors:      0
Number of warnings:    1
Logic Utilization:
  Number of Slice Flip Flops:          78 out of   9,312    1%
  Number of 4 input LUTs:             146 out of   9,312    1%
Logic Distribution:
  Number of occupied Slices:                          108 out of   4,656    2%
    Number of Slices containing only related logic:     108 out of     108  100%
    Number of Slices containing unrelated logic:          0 out of     108    0%
      *See NOTES below for an explanation of the effects of unrelated logic
Total Number of 4 input LUTs:            180 out of   9,312    1%
  Number used as logic:                146
  Number used as a route-thru:          34
  Number of bonded IOBs:               22 out of     158   13%
    IOB Flip Flops:                     1
  Number of GCLKs:                     2 out of      24    8%

Total equivalent gate count for design:  1,736
Additional JTAG gate count for IOBs:  1,056
Peak Memory Usage:  173 MB
Total REAL time to MAP completion:  2 secs 
Total CPU time to MAP completion:   2 secs 

NOTES:

   Related logic is defined as being logic that shares connectivity - e.g. two
   LUTs are "related" if they share common inputs.  When assembling slices,
   Map gives priority to combine logic that is related.  Doing so results in
   the best timing performance.

   Unrelated logic shares no connectivity.  Map will only begin packing
   unrelated logic into a slice once 99% of the slices are occupied through
   related logic packing.

   Note that once logic distribution reaches the 99% level through related
   logic packing, this does not mean the device is completely utilized.
   Unrelated logic packing will then begin, continuing until all usable LUTs
   and FFs are occupied.  Depending on your timing budget, increased levels of
   unrelated logic packing may adversely affect the overall timing performance
   of your design.

Table of Contents
-----------------
Section 1 - Errors
Section 2 - Warnings
Section 3 - Informational
Section 4 - Removed Logic Summary
Section 5 - Removed Logic
Section 6 - IOB Properties
Section 7 - RPMs
Section 8 - Guide Report
Section 9 - Area Group and Partition Summary
Section 10 - Modular Design Summary
Section 11 - Timing Report
Section 12 - Configuration String Information

Section 1 - Errors
------------------

Section 2 - Warnings
--------------------
WARNING:LIT:176 - Clock buffer is designated to drive clock loads. BUFGMUX
   symbol "physical_group_clkbaud8x/clkbaud8x_BUFG" (output signal=clkbaud8x)
   has a mix of clock and non-clock loads. The non-clock loads are:
   Pin D of clkbaud8x

Section 3 - Informational
-------------------------
INFO:MapLib:562 - No environment variables are currently set.
INFO:MapLib:863 - The following Virtex BUFG(s) is/are being retargeted to
   Virtex2 BUFGMUX(s) with input tied to I0 and Select pin tied to constant 0:
   BUFGP symbol "clk_BUFGP" (output signal=clk_BUFGP),
   BUFG symbol "clkbaud8x_BUFG" (output signal=clkbaud8x)
INFO:LIT:244 - All of the single ended outputs in this design are using slew
   rate limited output drivers. The delay on speed critical single ended outputs
   can be dramatically reduced by designating them as fast outputs in the
   schematic.

Section 4 - Removed Logic Summary
---------------------------------
   2 block(s) optimized away

Section 5 - Removed Logic
-------------------------

Optimized Block(s):
TYPE 		BLOCK
GND 		XST_GND
VCC 		XST_VCC

To enable printing of redundant blocks removed and signals merged, set the
detailed map report option and rerun map.

Section 6 - IOB Properties
--------------------------

+-----------------------------------------------------------------------------------------------------------------------------------------+
| IOB Name                           | IOB Type         | Direction | IO Standard | Drive    | Slew | Reg (s)      | Resistor | IBUF/IFD  |
|                                    |                  |           |             | Strength | Rate |              |          | Delay     |
+-----------------------------------------------------------------------------------------------------------------------------------------+
| clk                                | IBUF             | INPUT     | LVCMOS25    |          |      |              |          | 0 / 0     |
| en<0>                              | IOB              | OUTPUT    | LVCMOS25    | 12       | SLOW |              |          | 0 / 0     |
| en<1>                              | IOB              | OUTPUT    | LVCMOS25    | 12       | SLOW |              |          | 0 / 0     |
| en<2>                              | IOB              | OUTPUT    | LVCMOS25    | 12       | SLOW |              |          | 0 / 0     |
| en<3>                              | IOB              | OUTPUT    | LVCMOS25    | 12       | SLOW |              |          | 0 / 0     |
| en<4>                              | IOB              | OUTPUT    | LVCMOS25    | 12       | SLOW |              |          | 0 / 0     |
| en<5>                              | IOB              | OUTPUT    | LVCMOS25    | 12       | SLOW |              |          | 0 / 0     |
| en<6>                              | IOB              | OUTPUT    | LVCMOS25    | 12       | SLOW |              |          | 0 / 0     |
| en<7>                              | IOB              | OUTPUT    | LVCMOS25    | 12       | SLOW |              |          | 0 / 0     |
| key_input                          | IBUF             | INPUT     | LVCMOS25    |          |      |              |          | 0 / 0     |
| lowbit                             | IOB              | OUTPUT    | LVCMOS25    | 12       | SLOW |              |          | 0 / 0     |
| rst                                | IBUF             | INPUT     | LVCMOS25    |          |      |              |          | 0 / 0     |
| rxd                                | IBUF             | INPUT     | LVCMOS25    |          |      | IFF1         |          | 0 / 2     |
| seg_data<0>                        | IOB              | OUTPUT    | LVCMOS25    | 12       | SLOW |              |          | 0 / 0     |
| seg_data<1>                        | IOB              | OUTPUT    | LVCMOS25    | 12       | SLOW |              |          | 0 / 0     |
| seg_data<2>                        | IOB              | OUTPUT    | LVCMOS25    | 12       | SLOW |              |          | 0 / 0     |
| seg_data<3>                        | IOB              | OUTPUT    | LVCMOS25    | 12       | SLOW |              |          | 0 / 0     |
| seg_data<4>                        | IOB              | OUTPUT    | LVCMOS25    | 12       | SLOW |              |          | 0 / 0     |
| seg_data<5>                        | IOB              | OUTPUT    | LVCMOS25    | 12       | SLOW |              |          | 0 / 0     |
| seg_data<6>                        | IOB              | OUTPUT    | LVCMOS25    | 12       | SLOW |              |          | 0 / 0     |
| seg_data<7>                        | IOB              | OUTPUT    | LVCMOS25    | 12       | SLOW |              |          | 0 / 0     |
| txd                                | IOB              | OUTPUT    | LVCMOS25    | 12       | SLOW |              |          | 0 / 0     |
+-----------------------------------------------------------------------------------------------------------------------------------------+

Section 7 - RPMs
----------------

Section 8 - Guide Report
------------------------
Guide not run on this design.

Section 9 - Area Group and Partition Summary
--------------------------------------------

Partition Implementation Status
-------------------------------

  No Partitions were found in this design.

-------------------------------

Area Group Information
----------------------

  No area groups were found in this design.


----------------------

Section 10 - Modular Design Summary
-----------------------------------
Modular Design not used for this design.

Section 11 - Timing Report
--------------------------
This design was not run using timing mode.

Section 12 - Configuration String Details
-----------------------------------------
Use the "-detail" map option to print out Configuration Strings
