Release 14.3 - xst P.40xd (nt)
Copyright (c) 1995-2012 Xilinx, Inc.  All rights reserved.
--> Parameter TMPDIR set to xst/projnav.tmp


Total REAL time to Xst completion: 0.00 secs
Total CPU time to Xst completion: 0.19 secs
 
--> Parameter xsthdpdir set to xst


Total REAL time to Xst completion: 0.00 secs
Total CPU time to Xst completion: 0.19 secs
 
--> Reading design: Div_F_1miao.prj

TABLE OF CONTENTS
  1) Synthesis Options Summary
  2) HDL Parsing
  3) HDL Elaboration
  4) HDL Synthesis
       4.1) HDL Synthesis Report
  5) Advanced HDL Synthesis
       5.1) Advanced HDL Synthesis Report
  6) Low Level Synthesis
  7) Partition Report
  8) Design Summary
       8.1) Primitive and Black Box Usage
       8.2) Device utilization summary
       8.3) Partition Resource Summary
       8.4) Timing Report
            8.4.1) Clock Information
            8.4.2) Asynchronous Control Signals Information
            8.4.3) Timing Summary
            8.4.4) Timing Details
            8.4.5) Cross Clock Domains Report


=========================================================================
*                      Synthesis Options Summary                        *
=========================================================================
---- Source Parameters
Input File Name                    : "Div_F_1miao.prj"
Ignore Synthesis Constraint File   : NO

---- Target Parameters
Output File Name                   : "Div_F_1miao"
Output Format                      : NGC
Target Device                      : xc6slx9-2-tqg144

---- Source Options
Top Module Name                    : Div_F_1miao
Automatic FSM Extraction           : YES
FSM Encoding Algorithm             : Auto
Safe Implementation                : No
FSM Style                          : LUT
RAM Extraction                     : Yes
RAM Style                          : Auto
ROM Extraction                     : Yes
Shift Register Extraction          : YES
ROM Style                          : Auto
Resource Sharing                   : YES
Asynchronous To Synchronous        : NO
Shift Register Minimum Size        : 2
Use DSP Block                      : Auto
Automatic Register Balancing       : No

---- Target Options
LUT Combining                      : Auto
Reduce Control Sets                : Auto
Add IO Buffers                     : YES
Global Maximum Fanout              : 100000
Add Generic Clock Buffer(BUFG)     : 16
Register Duplication               : YES
Optimize Instantiated Primitives   : NO
Use Clock Enable                   : Auto
Use Synchronous Set                : Auto
Use Synchronous Reset              : Auto
Pack IO Registers into IOBs        : Auto
Equivalent register Removal        : YES

---- General Options
Optimization Goal                  : Speed
Optimization Effort                : 1
Power Reduction                    : NO
Keep Hierarchy                     : No
Netlist Hierarchy                  : As_Optimized
RTL Output                         : Yes
Global Optimization                : AllClockNets
Read Cores                         : YES
Write Timing Constraints           : NO
Cross Clock Analysis               : NO
Hierarchy Separator                : /
Bus Delimiter                      : <>
Case Specifier                     : Maintain
Slice Utilization Ratio            : 100
BRAM Utilization Ratio             : 100
DSP48 Utilization Ratio            : 100
Auto BRAM Packing                  : NO
Slice Utilization Ratio Delta      : 5

=========================================================================


=========================================================================
*                          HDL Parsing                                  *
=========================================================================
Parsing VHDL file "D:\X9\v\Div_F_1miao_0.5\Div_F_1miao\Div_F_1miao.vhd" into library work
Parsing entity <Div_F_1miao>.
Parsing architecture <Behavioral> of entity <div_f_1miao>.

=========================================================================
*                            HDL Elaboration                            *
=========================================================================

Elaborating entity <Div_F_1miao> (architecture <Behavioral>) from library <work>.

=========================================================================
*                           HDL Synthesis                               *
=========================================================================

Synthesizing Unit <Div_F_1miao>.
    Related source file is "D:\X9\v\Div_F_1miao_0.5\Div_F_1miao\Div_F_1miao.vhd".
    Found 1-bit register for signal <miao_out>.
    Found 24-bit register for signal <p2.cnn>.
    Found 1-bit register for signal <f_miao_out>.
    Found 25-bit register for signal <p1.cnt>.
    Found 25-bit adder for signal <p1.cnt[24]_GND_5_o_add_1_OUT> created at line 36.
    Found 24-bit adder for signal <p2.cnn[23]_GND_5_o_add_5_OUT> created at line 53.
    Found 25-bit comparator greater for signal <p1.cnt[24]_PWR_5_o_LessThan_1_o> created at line 35
    Found 24-bit comparator greater for signal <p2.cnn[23]_PWR_5_o_LessThan_5_o> created at line 52
    Summary:
	inferred   2 Adder/Subtractor(s).
	inferred  51 D-type flip-flop(s).
	inferred   2 Comparator(s).
Unit <Div_F_1miao> synthesized.

=========================================================================
HDL Synthesis Report

Macro Statistics
# Adders/Subtractors                                   : 2
 24-bit adder                                          : 1
 25-bit adder                                          : 1
# Registers                                            : 4
 1-bit register                                        : 2
 24-bit register                                       : 1
 25-bit register                                       : 1
# Comparators                                          : 2
 24-bit comparator greater                             : 1
 25-bit comparator greater                             : 1

=========================================================================

=========================================================================
*                       Advanced HDL Synthesis                          *
=========================================================================


Synthesizing (advanced) Unit <Div_F_1miao>.
The following registers are absorbed into counter <p2.cnn>: 1 register on signal <p2.cnn>.
The following registers are absorbed into counter <p1.cnt>: 1 register on signal <p1.cnt>.
Unit <Div_F_1miao> synthesized (advanced).

=========================================================================
Advanced HDL Synthesis Report

Macro Statistics
# Counters                                             : 2
 24-bit up counter                                     : 1
 25-bit up counter                                     : 1
# Registers                                            : 2
 Flip-Flops                                            : 2
# Comparators                                          : 2
 24-bit comparator greater                             : 1
 25-bit comparator greater                             : 1

=========================================================================

=========================================================================
*                         Low Level Synthesis                           *
=========================================================================

Optimizing unit <Div_F_1miao> ...
INFO:Xst:2261 - The FF/Latch <p2.cnn_0> in Unit <Div_F_1miao> is equivalent to the following FF/Latch, which will be removed : <p1.cnt_0> 
INFO:Xst:2261 - The FF/Latch <p2.cnn_1> in Unit <Div_F_1miao> is equivalent to the following FF/Latch, which will be removed : <p1.cnt_1> 
INFO:Xst:2261 - The FF/Latch <p2.cnn_2> in Unit <Div_F_1miao> is equivalent to the following FF/Latch, which will be removed : <p1.cnt_2> 
INFO:Xst:2261 - The FF/Latch <p2.cnn_3> in Unit <Div_F_1miao> is equivalent to the following FF/Latch, which will be removed : <p1.cnt_3> 
INFO:Xst:2261 - The FF/Latch <p2.cnn_4> in Unit <Div_F_1miao> is equivalent to the following FF/Latch, which will be removed : <p1.cnt_4> 

Mapping all equations...
Building and optimizing final netlist ...
Found area constraint ratio of 100 (+ 5) on block Div_F_1miao, actual ratio is 1.

Final Macro Processing ...

=========================================================================
Final Register Report

Macro Statistics
# Registers                                            : 46
 Flip-Flops                                            : 46

=========================================================================

=========================================================================
*                           Partition Report                            *
=========================================================================

Partition Implementation Status
-------------------------------

  No Partitions were found in this design.

-------------------------------

=========================================================================
*                            Design Summary                             *
=========================================================================

Top Level Output File Name         : Div_F_1miao.ngc

Primitive and Black Box Usage:
------------------------------
# BELS                             : 215
#      GND                         : 1
#      INV                         : 4
#      LUT1                        : 47
#      LUT2                        : 46
#      LUT4                        : 3
#      LUT5                        : 12
#      MUXCY                       : 57
#      VCC                         : 1
#      XORCY                       : 44
# FlipFlops/Latches                : 46
#      FD                          : 44
#      FDE                         : 2
# Clock Buffers                    : 1
#      BUFGP                       : 1
# IO Buffers                       : 2
#      OBUF                        : 2

Device utilization summary:
---------------------------

Selected Device : 6slx9tqg144-2 


Slice Logic Utilization: 
 Number of Slice Registers:              46  out of  11440     0%  
 Number of Slice LUTs:                  112  out of   5720     1%  
    Number used as Logic:               112  out of   5720     1%  

Slice Logic Distribution: 
 Number of LUT Flip Flop pairs used:    112
   Number with an unused Flip Flop:      66  out of    112    58%  
   Number with an unused LUT:             0  out of    112     0%  
   Number of fully used LUT-FF pairs:    46  out of    112    41%  
   Number of unique control sets:         3

IO Utilization: 
 Number of IOs:                           3
 Number of bonded IOBs:                   3  out of    102     2%  

Specific Feature Utilization:
 Number of BUFG/BUFGCTRLs:                1  out of     16     6%  

---------------------------
Partition Resource Summary:
---------------------------

  No Partitions were found in this design.

---------------------------


=========================================================================
Timing Report

NOTE: THESE TIMING NUMBERS ARE ONLY A SYNTHESIS ESTIMATE.
      FOR ACCURATE TIMING INFORMATION PLEASE REFER TO THE TRACE REPORT
      GENERATED AFTER PLACE-and-ROUTE.

Clock Information:
------------------
-----------------------------------+------------------------+-------+
Clock Signal                       | Clock buffer(FF name)  | Load  |
-----------------------------------+------------------------+-------+
clk                                | BUFGP                  | 46    |
-----------------------------------+------------------------+-------+

Asynchronous Control Signals Information:
----------------------------------------
No asynchronous control signals found in this design

Timing Summary:
---------------
Speed Grade: -2

   Minimum period: 4.291ns (Maximum Frequency: 233.046MHz)
   Minimum input arrival time before clock: No path found
   Maximum output required time after clock: 4.162ns
   Maximum combinational path delay: No path found

Timing Details:
---------------
All values displayed in nanoseconds (ns)

=========================================================================
Timing constraint: Default period analysis for Clock 'clk'
  Clock period: 4.291ns (frequency: 233.046MHz)
  Total number of paths / destination ports: 2373 / 48
-------------------------------------------------------------------------
Delay:               4.291ns (Levels of Logic = 7)
  Source:            p2.cnn_0 (FF)
  Destination:       p2.cnn_0 (FF)
  Source Clock:      clk rising
  Destination Clock: clk rising

  Data Path: p2.cnn_0 to p2.cnn_0
                                Gate     Net
    Cell:in->out      fanout   Delay   Delay  Logical Name (Net Name)
    ----------------------------------------  ------------
     FD:C->Q               4   0.525   1.234  p2.cnn_0 (p2.cnn_0)
     LUT5:I0->O            1   0.254   0.000  Mcompar_p2.cnn[23]_PWR_5_o_LessThan_5_o_lut<0> (Mcompar_p2.cnn[23]_PWR_5_o_LessThan_5_o_lut<0>)
     MUXCY:S->O            1   0.215   0.000  Mcompar_p2.cnn[23]_PWR_5_o_LessThan_5_o_cy<0> (Mcompar_p2.cnn[23]_PWR_5_o_LessThan_5_o_cy<0>)
     MUXCY:CI->O           1   0.023   0.000  Mcompar_p2.cnn[23]_PWR_5_o_LessThan_5_o_cy<1> (Mcompar_p2.cnn[23]_PWR_5_o_LessThan_5_o_cy<1>)
     MUXCY:CI->O           1   0.023   0.000  Mcompar_p2.cnn[23]_PWR_5_o_LessThan_5_o_cy<2> (Mcompar_p2.cnn[23]_PWR_5_o_LessThan_5_o_cy<2>)
     MUXCY:CI->O           1   0.023   0.000  Mcompar_p2.cnn[23]_PWR_5_o_LessThan_5_o_cy<3> (Mcompar_p2.cnn[23]_PWR_5_o_LessThan_5_o_cy<3>)
     MUXCY:CI->O          25   0.262   1.403  Mcompar_p2.cnn[23]_PWR_5_o_LessThan_5_o_cy<4> (Mcompar_p2.cnn[23]_PWR_5_o_LessThan_5_o_cy<4>)
     LUT2:I1->O            1   0.254   0.000  p2.cnn_0_rstpot (p2.cnn_0_rstpot)
     FD:D                      0.074          p2.cnn_0
    ----------------------------------------
    Total                      4.291ns (1.654ns logic, 2.637ns route)
                                       (38.5% logic, 61.5% route)

=========================================================================
Timing constraint: Default OFFSET OUT AFTER for Clock 'clk'
  Total number of paths / destination ports: 2 / 2
-------------------------------------------------------------------------
Offset:              4.162ns (Levels of Logic = 1)
  Source:            p1.ff (FF)
  Destination:       miao_out (PAD)
  Source Clock:      clk rising

  Data Path: p1.ff to miao_out
                                Gate     Net
    Cell:in->out      fanout   Delay   Delay  Logical Name (Net Name)
    ----------------------------------------  ------------
     FDE:C->Q              2   0.525   0.725  p1.ff (p1.ff)
     OBUF:I->O                 2.912          miao_out_OBUF (miao_out)
    ----------------------------------------
    Total                      4.162ns (3.437ns logic, 0.725ns route)
                                       (82.6% logic, 17.4% route)

=========================================================================

Cross Clock Domains Report:
--------------------------

Clock to Setup on destination clock clk
---------------+---------+---------+---------+---------+
               | Src:Rise| Src:Fall| Src:Rise| Src:Fall|
Source Clock   |Dest:Rise|Dest:Rise|Dest:Fall|Dest:Fall|
---------------+---------+---------+---------+---------+
clk            |    4.291|         |         |         |
---------------+---------+---------+---------+---------+

=========================================================================


Total REAL time to Xst completion: 8.00 secs
Total CPU time to Xst completion: 7.49 secs
 
--> 

Total memory usage is 214964 kilobytes

Number of errors   :    0 (   0 filtered)
Number of warnings :    0 (   0 filtered)
Number of infos    :    5 (   0 filtered)

