Release 14.3 - xst P.40xd (nt)
Copyright (c) 1995-2012 Xilinx, Inc.  All rights reserved.
--> Parameter TMPDIR set to xst/projnav.tmp


Total REAL time to Xst completion: 0.00 secs
Total CPU time to Xst completion: 0.19 secs
 
--> Parameter xsthdpdir set to xst


Total REAL time to Xst completion: 0.00 secs
Total CPU time to Xst completion: 0.19 secs
 
--> Reading design: SMG_LED.prj

TABLE OF CONTENTS
  1) Synthesis Options Summary
  2) HDL Parsing
  3) HDL Elaboration
  4) HDL Synthesis
       4.1) HDL Synthesis Report
  5) Advanced HDL Synthesis
       5.1) Advanced HDL Synthesis Report
  6) Low Level Synthesis
  7) Partition Report
  8) Design Summary
       8.1) Primitive and Black Box Usage
       8.2) Device utilization summary
       8.3) Partition Resource Summary
       8.4) Timing Report
            8.4.1) Clock Information
            8.4.2) Asynchronous Control Signals Information
            8.4.3) Timing Summary
            8.4.4) Timing Details
            8.4.5) Cross Clock Domains Report


=========================================================================
*                      Synthesis Options Summary                        *
=========================================================================
---- Source Parameters
Input File Name                    : "SMG_LED.prj"
Ignore Synthesis Constraint File   : NO

---- Target Parameters
Output File Name                   : "SMG_LED"
Output Format                      : NGC
Target Device                      : xc6slx9-2-tqg144

---- Source Options
Top Module Name                    : SMG_LED
Automatic FSM Extraction           : YES
FSM Encoding Algorithm             : Auto
Safe Implementation                : No
FSM Style                          : LUT
RAM Extraction                     : Yes
RAM Style                          : Auto
ROM Extraction                     : Yes
Shift Register Extraction          : YES
ROM Style                          : Auto
Resource Sharing                   : YES
Asynchronous To Synchronous        : NO
Shift Register Minimum Size        : 2
Use DSP Block                      : Auto
Automatic Register Balancing       : No

---- Target Options
LUT Combining                      : Auto
Reduce Control Sets                : Auto
Add IO Buffers                     : YES
Global Maximum Fanout              : 100000
Add Generic Clock Buffer(BUFG)     : 16
Register Duplication               : YES
Optimize Instantiated Primitives   : NO
Use Clock Enable                   : Auto
Use Synchronous Set                : Auto
Use Synchronous Reset              : Auto
Pack IO Registers into IOBs        : Auto
Equivalent register Removal        : YES

---- General Options
Optimization Goal                  : Speed
Optimization Effort                : 1
Power Reduction                    : NO
Keep Hierarchy                     : No
Netlist Hierarchy                  : As_Optimized
RTL Output                         : Yes
Global Optimization                : AllClockNets
Read Cores                         : YES
Write Timing Constraints           : NO
Cross Clock Analysis               : NO
Hierarchy Separator                : /
Bus Delimiter                      : <>
Case Specifier                     : Maintain
Slice Utilization Ratio            : 100
BRAM Utilization Ratio             : 100
DSP48 Utilization Ratio            : 100
Auto BRAM Packing                  : NO
Slice Utilization Ratio Delta      : 5

=========================================================================


=========================================================================
*                          HDL Parsing                                  *
=========================================================================
Parsing VHDL file "D:\X9\v\SMG_LED3\SMG_LED\SMG_LED.vhd" into library work
Parsing entity <SMG_LED>.
Parsing architecture <Behavioral> of entity <smg_led>.

=========================================================================
*                            HDL Elaboration                            *
=========================================================================

Elaborating entity <SMG_LED> (architecture <Behavioral>) from library <work>.
INFO:HDLCompiler:679 - "D:\X9\v\SMG_LED3\SMG_LED\SMG_LED.vhd" Line 64. Case statement is complete. others clause is never selected
INFO:HDLCompiler:679 - "D:\X9\v\SMG_LED3\SMG_LED\SMG_LED.vhd" Line 119. Case statement is complete. others clause is never selected

=========================================================================
*                           HDL Synthesis                               *
=========================================================================

Synthesizing Unit <SMG_LED>.
    Related source file is "D:\X9\v\SMG_LED3\SMG_LED\SMG_LED.vhd".
    Found 16-bit register for signal <cnt_scan>.
    Found 16-bit adder for signal <cnt_scan[15]_GND_5_o_add_2_OUT> created at line 41.
    Found 8x8-bit Read Only RAM for signal <en>
    Found 16x8-bit Read Only RAM for signal <dataout>
    Summary:
	inferred   2 RAM(s).
	inferred   1 Adder/Subtractor(s).
	inferred  16 D-type flip-flop(s).
Unit <SMG_LED> synthesized.

=========================================================================
HDL Synthesis Report

Macro Statistics
# RAMs                                                 : 2
 16x8-bit single-port Read Only RAM                    : 1
 8x8-bit single-port Read Only RAM                     : 1
# Adders/Subtractors                                   : 1
 16-bit adder                                          : 1
# Registers                                            : 1
 16-bit register                                       : 1

=========================================================================

=========================================================================
*                       Advanced HDL Synthesis                          *
=========================================================================


Synthesizing (advanced) Unit <SMG_LED>.
The following registers are absorbed into counter <cnt_scan>: 1 register on signal <cnt_scan>.
INFO:Xst:3218 - HDL ADVISOR - The RAM <Mram_en> will be implemented on LUTs either because you have described an asynchronous read or because of currently unsupported block RAM features. If you have described an asynchronous read, making it synchronous would allow you to take advantage of available block RAM resources, for optimized device usage and improved timings. Please refer to your documentation for coding guidelines.
    -----------------------------------------------------------------------
    | ram_type           | Distributed                         |          |
    -----------------------------------------------------------------------
    | Port A                                                              |
    |     aspect ratio   | 8-word x 8-bit                      |          |
    |     weA            | connected to signal <GND>           | high     |
    |     addrA          | connected to signal <cnt_scan>      |          |
    |     diA            | connected to signal <GND>           |          |
    |     doA            | connected to signal <en>            |          |
    -----------------------------------------------------------------------
INFO:Xst:3218 - HDL ADVISOR - The RAM <Mram_dataout> will be implemented on LUTs either because you have described an asynchronous read or because of currently unsupported block RAM features. If you have described an asynchronous read, making it synchronous would allow you to take advantage of available block RAM resources, for optimized device usage and improved timings. Please refer to your documentation for coding guidelines.
    -----------------------------------------------------------------------
    | ram_type           | Distributed                         |          |
    -----------------------------------------------------------------------
    | Port A                                                              |
    |     aspect ratio   | 16-word x 8-bit                     |          |
    |     weA            | connected to signal <GND>           | high     |
    |     addrA          | connected to signal <data4>         |          |
    |     diA            | connected to signal <GND>           |          |
    |     doA            | connected to signal <dataout>       |          |
    -----------------------------------------------------------------------
Unit <SMG_LED> synthesized (advanced).

=========================================================================
Advanced HDL Synthesis Report

Macro Statistics
# RAMs                                                 : 2
 16x8-bit single-port distributed Read Only RAM        : 1
 8x8-bit single-port distributed Read Only RAM         : 1
# Counters                                             : 1
 16-bit up counter                                     : 1

=========================================================================

=========================================================================
*                         Low Level Synthesis                           *
=========================================================================

Optimizing unit <SMG_LED> ...

Mapping all equations...
Building and optimizing final netlist ...
Found area constraint ratio of 100 (+ 5) on block SMG_LED, actual ratio is 0.

Final Macro Processing ...

=========================================================================
Final Register Report

Macro Statistics
# Registers                                            : 16
 Flip-Flops                                            : 16

=========================================================================

=========================================================================
*                           Partition Report                            *
=========================================================================

Partition Implementation Status
-------------------------------

  No Partitions were found in this design.

-------------------------------

=========================================================================
*                            Design Summary                             *
=========================================================================

Top Level Output File Name         : SMG_LED.ngc

Primitive and Black Box Usage:
------------------------------
# BELS                             : 65
#      GND                         : 1
#      INV                         : 2
#      LUT1                        : 15
#      LUT3                        : 15
#      MUXCY                       : 15
#      VCC                         : 1
#      XORCY                       : 16
# FlipFlops/Latches                : 16
#      FDC                         : 16
# Clock Buffers                    : 1
#      BUFGP                       : 1
# IO Buffers                       : 17
#      IBUF                        : 1
#      OBUF                        : 16

Device utilization summary:
---------------------------

Selected Device : 6slx9tqg144-2 


Slice Logic Utilization: 
 Number of Slice Registers:              16  out of  11440     0%  
 Number of Slice LUTs:                   32  out of   5720     0%  
    Number used as Logic:                32  out of   5720     0%  

Slice Logic Distribution: 
 Number of LUT Flip Flop pairs used:     32
   Number with an unused Flip Flop:      16  out of     32    50%  
   Number with an unused LUT:             0  out of     32     0%  
   Number of fully used LUT-FF pairs:    16  out of     32    50%  
   Number of unique control sets:         1

IO Utilization: 
 Number of IOs:                          18
 Number of bonded IOBs:                  18  out of    102    17%  

Specific Feature Utilization:
 Number of BUFG/BUFGCTRLs:                1  out of     16     6%  

---------------------------
Partition Resource Summary:
---------------------------

  No Partitions were found in this design.

---------------------------


=========================================================================
Timing Report

NOTE: THESE TIMING NUMBERS ARE ONLY A SYNTHESIS ESTIMATE.
      FOR ACCURATE TIMING INFORMATION PLEASE REFER TO THE TRACE REPORT
      GENERATED AFTER PLACE-and-ROUTE.

Clock Information:
------------------
-----------------------------------+------------------------+-------+
Clock Signal                       | Clock buffer(FF name)  | Load  |
-----------------------------------+------------------------+-------+
clk                                | BUFGP                  | 16    |
-----------------------------------+------------------------+-------+

Asynchronous Control Signals Information:
----------------------------------------
No asynchronous control signals found in this design

Timing Summary:
---------------
Speed Grade: -2

   Minimum period: 2.479ns (Maximum Frequency: 403.348MHz)
   Minimum input arrival time before clock: 3.904ns
   Maximum output required time after clock: 5.763ns
   Maximum combinational path delay: No path found

Timing Details:
---------------
All values displayed in nanoseconds (ns)

=========================================================================
Timing constraint: Default period analysis for Clock 'clk'
  Clock period: 2.479ns (frequency: 403.348MHz)
  Total number of paths / destination ports: 136 / 16
-------------------------------------------------------------------------
Delay:               2.479ns (Levels of Logic = 4)
  Source:            cnt_scan_13 (FF)
  Destination:       cnt_scan_15 (FF)
  Source Clock:      clk rising
  Destination Clock: clk rising

  Data Path: cnt_scan_13 to cnt_scan_15
                                Gate     Net
    Cell:in->out      fanout   Delay   Delay  Logical Name (Net Name)
    ----------------------------------------  ------------
     FDC:C->Q             16   0.525   1.182  cnt_scan_13 (cnt_scan_13)
     LUT1:I0->O            1   0.254   0.000  Mcount_cnt_scan_cy<13>_rt (Mcount_cnt_scan_cy<13>_rt)
     MUXCY:S->O            1   0.215   0.000  Mcount_cnt_scan_cy<13> (Mcount_cnt_scan_cy<13>)
     MUXCY:CI->O           0   0.023   0.000  Mcount_cnt_scan_cy<14> (Mcount_cnt_scan_cy<14>)
     XORCY:CI->O           1   0.206   0.000  Mcount_cnt_scan_xor<15> (Result<15>)
     FDC:D                     0.074          cnt_scan_15
    ----------------------------------------
    Total                      2.479ns (1.297ns logic, 1.182ns route)
                                       (52.3% logic, 47.7% route)

=========================================================================
Timing constraint: Default OFFSET IN BEFORE for Clock 'clk'
  Total number of paths / destination ports: 16 / 16
-------------------------------------------------------------------------
Offset:              3.904ns (Levels of Logic = 2)
  Source:            rst (PAD)
  Destination:       cnt_scan_0 (FF)
  Destination Clock: clk rising

  Data Path: rst to cnt_scan_0
                                Gate     Net
    Cell:in->out      fanout   Delay   Delay  Logical Name (Net Name)
    ----------------------------------------  ------------
     IBUF:I->O             1   1.328   0.681  rst_IBUF (rst_IBUF)
     INV:I->O             16   0.255   1.181  rst_inv1_INV_0 (rst_inv)
     FDC:CLR                   0.459          cnt_scan_0
    ----------------------------------------
    Total                      3.904ns (2.042ns logic, 1.862ns route)
                                       (52.3% logic, 47.7% route)

=========================================================================
Timing constraint: Default OFFSET OUT AFTER for Clock 'clk'
  Total number of paths / destination ports: 45 / 15
-------------------------------------------------------------------------
Offset:              5.763ns (Levels of Logic = 2)
  Source:            cnt_scan_15 (FF)
  Destination:       dataout<6> (PAD)
  Source Clock:      clk rising

  Data Path: cnt_scan_15 to dataout<6>
                                Gate     Net
    Cell:in->out      fanout   Delay   Delay  Logical Name (Net Name)
    ----------------------------------------  ------------
     FDC:C->Q             16   0.525   1.410  cnt_scan_15 (cnt_scan_15)
     LUT3:I0->O            1   0.235   0.681  Mram_en12 (Mram_en)
     OBUF:I->O                 2.912          en_0_OBUF (en<0>)
    ----------------------------------------
    Total                      5.763ns (3.672ns logic, 2.091ns route)
                                       (63.7% logic, 36.3% route)

=========================================================================

Cross Clock Domains Report:
--------------------------

Clock to Setup on destination clock clk
---------------+---------+---------+---------+---------+
               | Src:Rise| Src:Fall| Src:Rise| Src:Fall|
Source Clock   |Dest:Rise|Dest:Rise|Dest:Fall|Dest:Fall|
---------------+---------+---------+---------+---------+
clk            |    2.479|         |         |         |
---------------+---------+---------+---------+---------+

=========================================================================


Total REAL time to Xst completion: 7.00 secs
Total CPU time to Xst completion: 7.16 secs
 
--> 

Total memory usage is 215988 kilobytes

Number of errors   :    0 (   0 filtered)
Number of warnings :    0 (   0 filtered)
Number of infos    :    2 (   0 filtered)

