--------------------------------------------------------------------------------
Release 14.3 Trace  (nt)
Copyright (c) 1995-2012 Xilinx, Inc.  All rights reserved.

E:\Xilinx\14.3\ISE_DS\ISE\bin\nt\unwrapped\trce.exe -intstyle ise -e 3 -s 2 -n
3 -xml SMG_LED.twx SMG_LED.ncd -o SMG_LED.twr SMG_LED.pcf -ucf SMG_LED.ucf

Design file:              SMG_LED.ncd
Physical constraint file: SMG_LED.pcf
Device,package,speed:     xc6slx9,tqg144,C,-2 (PRODUCTION 1.23 2012-10-12)
Report level:             error report

Environment Variable      Effect 
--------------------      ------ 
NONE                      No environment variables were set
--------------------------------------------------------------------------------

INFO:Timing:2698 - No timing constraints found, doing default enumeration.
INFO:Timing:3412 - To improve timing, see the Timing Closure User Guide (UG612).
INFO:Timing:2752 - To get complete path coverage, use the unconstrained paths 
   option. All paths that are not constrained will be reported in the 
   unconstrained paths section(s) of the report.
INFO:Timing:3339 - The clock-to-out numbers in this timing report are based on 
   a 50 Ohm transmission line loading model.  For the details of this model, 
   and for more information on accounting for different loading conditions, 
   please see the device datasheet.



Data Sheet report:
-----------------
All values displayed in nanoseconds (ns)

Setup/Hold to clock clk
------------+------------+------------+------------+------------+------------------+--------+
            |Max Setup to|  Process   |Max Hold to |  Process   |                  | Clock  |
Source      | clk (edge) |   Corner   | clk (edge) |   Corner   |Internal Clock(s) | Phase  |
------------+------------+------------+------------+------------+------------------+--------+
rst         |    2.616(R)|      SLOW  |   -0.671(R)|      FAST  |clk_BUFGP         |   0.000|
------------+------------+------------+------------+------------+------------------+--------+

Clock clk to Pad
------------+-----------------+------------+-----------------+------------+------------------+--------+
            |Max (slowest) clk|  Process   |Min (fastest) clk|  Process   |                  | Clock  |
Destination |  (edge) to PAD  |   Corner   |  (edge) to PAD  |   Corner   |Internal Clock(s) | Phase  |
------------+-----------------+------------+-----------------+------------+------------------+--------+
dataout<0>  |        11.671(R)|      SLOW  |         4.801(R)|      FAST  |clk_BUFGP         |   0.000|
dataout<1>  |        11.034(R)|      SLOW  |         4.591(R)|      FAST  |clk_BUFGP         |   0.000|
dataout<2>  |        11.413(R)|      SLOW  |         4.797(R)|      FAST  |clk_BUFGP         |   0.000|
dataout<3>  |        11.446(R)|      SLOW  |         4.818(R)|      FAST  |clk_BUFGP         |   0.000|
dataout<4>  |        12.496(R)|      SLOW  |         5.213(R)|      FAST  |clk_BUFGP         |   0.000|
dataout<5>  |        12.425(R)|      SLOW  |         5.547(R)|      FAST  |clk_BUFGP         |   0.000|
dataout<6>  |        12.360(R)|      SLOW  |         5.525(R)|      FAST  |clk_BUFGP         |   0.000|
en<0>       |        10.687(R)|      SLOW  |         4.370(R)|      FAST  |clk_BUFGP         |   0.000|
en<1>       |        10.806(R)|      SLOW  |         4.448(R)|      FAST  |clk_BUFGP         |   0.000|
en<2>       |        10.354(R)|      SLOW  |         4.245(R)|      FAST  |clk_BUFGP         |   0.000|
en<3>       |        10.625(R)|      SLOW  |         4.394(R)|      FAST  |clk_BUFGP         |   0.000|
en<4>       |        10.201(R)|      SLOW  |         4.156(R)|      FAST  |clk_BUFGP         |   0.000|
en<5>       |        10.262(R)|      SLOW  |         4.210(R)|      FAST  |clk_BUFGP         |   0.000|
en<6>       |        10.181(R)|      SLOW  |         4.066(R)|      FAST  |clk_BUFGP         |   0.000|
en<7>       |        10.452(R)|      SLOW  |         4.215(R)|      FAST  |clk_BUFGP         |   0.000|
------------+-----------------+------------+-----------------+------------+------------------+--------+

Clock to Setup on destination clock clk
---------------+---------+---------+---------+---------+
               | Src:Rise| Src:Fall| Src:Rise| Src:Fall|
Source Clock   |Dest:Rise|Dest:Rise|Dest:Fall|Dest:Fall|
---------------+---------+---------+---------+---------+
clk            |    2.012|         |         |         |
---------------+---------+---------+---------+---------+


Analysis completed Wed May 07 22:04:50 2014 
--------------------------------------------------------------------------------

Trace Settings:
-------------------------
Trace Settings 

Peak Memory Usage: 147 MB



