Release 14.3 - xst P.40xd (nt)
Copyright (c) 1995-2012 Xilinx, Inc.  All rights reserved.
--> Parameter TMPDIR set to xst/projnav.tmp


Total REAL time to Xst completion: 0.00 secs
Total CPU time to Xst completion: 0.30 secs
 
--> Parameter xsthdpdir set to xst


Total REAL time to Xst completion: 0.00 secs
Total CPU time to Xst completion: 0.30 secs
 
--> Reading design: ledwater.prj

TABLE OF CONTENTS
  1) Synthesis Options Summary
  2) HDL Parsing
  3) HDL Elaboration
  4) HDL Synthesis
       4.1) HDL Synthesis Report
  5) Advanced HDL Synthesis
       5.1) Advanced HDL Synthesis Report
  6) Low Level Synthesis
  7) Partition Report
  8) Design Summary
       8.1) Primitive and Black Box Usage
       8.2) Device utilization summary
       8.3) Partition Resource Summary
       8.4) Timing Report
            8.4.1) Clock Information
            8.4.2) Asynchronous Control Signals Information
            8.4.3) Timing Summary
            8.4.4) Timing Details
            8.4.5) Cross Clock Domains Report


=========================================================================
*                      Synthesis Options Summary                        *
=========================================================================
---- Source Parameters
Input File Name                    : "ledwater.prj"
Ignore Synthesis Constraint File   : NO

---- Target Parameters
Output File Name                   : "ledwater"
Output Format                      : NGC
Target Device                      : xc6slx9-2-tqg144

---- Source Options
Top Module Name                    : ledwater
Automatic FSM Extraction           : YES
FSM Encoding Algorithm             : Auto
Safe Implementation                : No
FSM Style                          : LUT
RAM Extraction                     : Yes
RAM Style                          : Auto
ROM Extraction                     : Yes
Shift Register Extraction          : YES
ROM Style                          : Auto
Resource Sharing                   : YES
Asynchronous To Synchronous        : NO
Shift Register Minimum Size        : 2
Use DSP Block                      : Auto
Automatic Register Balancing       : No

---- Target Options
LUT Combining                      : Auto
Reduce Control Sets                : Auto
Add IO Buffers                     : YES
Global Maximum Fanout              : 100000
Add Generic Clock Buffer(BUFG)     : 16
Register Duplication               : YES
Optimize Instantiated Primitives   : NO
Use Clock Enable                   : Auto
Use Synchronous Set                : Auto
Use Synchronous Reset              : Auto
Pack IO Registers into IOBs        : Auto
Equivalent register Removal        : YES

---- General Options
Optimization Goal                  : Speed
Optimization Effort                : 1
Power Reduction                    : NO
Keep Hierarchy                     : No
Netlist Hierarchy                  : As_Optimized
RTL Output                         : Yes
Global Optimization                : AllClockNets
Read Cores                         : YES
Write Timing Constraints           : NO
Cross Clock Analysis               : NO
Hierarchy Separator                : /
Bus Delimiter                      : <>
Case Specifier                     : Maintain
Slice Utilization Ratio            : 100
BRAM Utilization Ratio             : 100
DSP48 Utilization Ratio            : 100
Auto BRAM Packing                  : NO
Slice Utilization Ratio Delta      : 5

=========================================================================


=========================================================================
*                          HDL Parsing                                  *
=========================================================================
Analyzing Verilog file "D:\X9\Verilog\ledwater_A\ledwater\ledwater.v" into library work
Parsing module <ledwater>.
WARNING:HDLCompiler:568 - "D:\X9\Verilog\ledwater_A\ledwater\ledwater.v" Line 26: Constant value is truncated to fit in <8> bits.
WARNING:HDLCompiler:568 - "D:\X9\Verilog\ledwater_A\ledwater\ledwater.v" Line 28: Constant value is truncated to fit in <8> bits.
WARNING:HDLCompiler:568 - "D:\X9\Verilog\ledwater_A\ledwater\ledwater.v" Line 30: Constant value is truncated to fit in <8> bits.
WARNING:HDLCompiler:568 - "D:\X9\Verilog\ledwater_A\ledwater\ledwater.v" Line 32: Constant value is truncated to fit in <8> bits.
WARNING:HDLCompiler:568 - "D:\X9\Verilog\ledwater_A\ledwater\ledwater.v" Line 34: Constant value is truncated to fit in <8> bits.
WARNING:HDLCompiler:568 - "D:\X9\Verilog\ledwater_A\ledwater\ledwater.v" Line 36: Constant value is truncated to fit in <8> bits.
WARNING:HDLCompiler:568 - "D:\X9\Verilog\ledwater_A\ledwater\ledwater.v" Line 38: Constant value is truncated to fit in <8> bits.
WARNING:HDLCompiler:568 - "D:\X9\Verilog\ledwater_A\ledwater\ledwater.v" Line 40: Constant value is truncated to fit in <8> bits.
WARNING:HDLCompiler:568 - "D:\X9\Verilog\ledwater_A\ledwater\ledwater.v" Line 53: Constant value is truncated to fit in <8> bits.
WARNING:HDLCompiler:568 - "D:\X9\Verilog\ledwater_A\ledwater\ledwater.v" Line 55: Constant value is truncated to fit in <8> bits.
WARNING:HDLCompiler:568 - "D:\X9\Verilog\ledwater_A\ledwater\ledwater.v" Line 57: Constant value is truncated to fit in <8> bits.

=========================================================================
*                            HDL Elaboration                            *
=========================================================================

Elaborating module <ledwater>.
WARNING:HDLCompiler:413 - "D:\X9\Verilog\ledwater_A\ledwater\ledwater.v" Line 16: Result of 29-bit expression is truncated to fit in 28-bit target.

=========================================================================
*                           HDL Synthesis                               *
=========================================================================

Synthesizing Unit <ledwater>.
    Related source file is "D:\X9\Verilog\ledwater_A\ledwater\ledwater.v".
    Found 28-bit register for signal <count>.
    Found 28-bit adder for signal <count[27]_GND_1_o_add_1_OUT> created at line 16.
    Found 16x12-bit Read Only RAM for signal <dataout>
    Summary:
	inferred   1 RAM(s).
	inferred   1 Adder/Subtractor(s).
	inferred  28 D-type flip-flop(s).
Unit <ledwater> synthesized.

=========================================================================
HDL Synthesis Report

Macro Statistics
# RAMs                                                 : 1
 16x12-bit single-port Read Only RAM                   : 1
# Adders/Subtractors                                   : 1
 28-bit adder                                          : 1
# Registers                                            : 1
 28-bit register                                       : 1

=========================================================================

=========================================================================
*                       Advanced HDL Synthesis                          *
=========================================================================


Synthesizing (advanced) Unit <ledwater>.
The following registers are absorbed into counter <count>: 1 register on signal <count>.
INFO:Xst:3218 - HDL ADVISOR - The RAM <Mram_dataout> will be implemented on LUTs either because you have described an asynchronous read or because of currently unsupported block RAM features. If you have described an asynchronous read, making it synchronous would allow you to take advantage of available block RAM resources, for optimized device usage and improved timings. Please refer to your documentation for coding guidelines.
    -----------------------------------------------------------------------
    | ram_type           | Distributed                         |          |
    -----------------------------------------------------------------------
    | Port A                                                              |
    |     aspect ratio   | 16-word x 12-bit                    |          |
    |     weA            | connected to signal <GND>           | high     |
    |     addrA          | connected to signal <count>         |          |
    |     diA            | connected to signal <GND>           |          |
    |     doA            | connected to signal <dataout>       |          |
    -----------------------------------------------------------------------
Unit <ledwater> synthesized (advanced).

=========================================================================
Advanced HDL Synthesis Report

Macro Statistics
# RAMs                                                 : 1
 16x12-bit single-port distributed Read Only RAM       : 1
# Counters                                             : 1
 28-bit up counter                                     : 1

=========================================================================

=========================================================================
*                         Low Level Synthesis                           *
=========================================================================

Optimizing unit <ledwater> ...

Mapping all equations...
Building and optimizing final netlist ...
Found area constraint ratio of 100 (+ 5) on block ledwater, actual ratio is 0.

Final Macro Processing ...

=========================================================================
Final Register Report

Macro Statistics
# Registers                                            : 28
 Flip-Flops                                            : 28

=========================================================================

=========================================================================
*                           Partition Report                            *
=========================================================================

Partition Implementation Status
-------------------------------

  No Partitions were found in this design.

-------------------------------

=========================================================================
*                            Design Summary                             *
=========================================================================

Top Level Output File Name         : ledwater.ngc

Primitive and Black Box Usage:
------------------------------
# BELS                             : 92
#      GND                         : 1
#      INV                         : 1
#      LUT1                        : 27
#      LUT3                        : 1
#      LUT4                        : 6
#      MUXCY                       : 27
#      VCC                         : 1
#      XORCY                       : 28
# FlipFlops/Latches                : 28
#      FD                          : 28
# Clock Buffers                    : 1
#      BUFGP                       : 1
# IO Buffers                       : 12
#      OBUF                        : 12

Device utilization summary:
---------------------------

Selected Device : 6slx9tqg144-2 


Slice Logic Utilization: 
 Number of Slice Registers:              28  out of  11440     0%  
 Number of Slice LUTs:                   35  out of   5720     0%  
    Number used as Logic:                35  out of   5720     0%  

Slice Logic Distribution: 
 Number of LUT Flip Flop pairs used:     35
   Number with an unused Flip Flop:       7  out of     35    20%  
   Number with an unused LUT:             0  out of     35     0%  
   Number of fully used LUT-FF pairs:    28  out of     35    80%  
   Number of unique control sets:         1

IO Utilization: 
 Number of IOs:                          13
 Number of bonded IOBs:                  13  out of    102    12%  

Specific Feature Utilization:
 Number of BUFG/BUFGCTRLs:                1  out of     16     6%  

---------------------------
Partition Resource Summary:
---------------------------

  No Partitions were found in this design.

---------------------------


=========================================================================
Timing Report

NOTE: THESE TIMING NUMBERS ARE ONLY A SYNTHESIS ESTIMATE.
      FOR ACCURATE TIMING INFORMATION PLEASE REFER TO THE TRACE REPORT
      GENERATED AFTER PLACE-and-ROUTE.

Clock Information:
------------------
-----------------------------------+------------------------+-------+
Clock Signal                       | Clock buffer(FF name)  | Load  |
-----------------------------------+------------------------+-------+
clk_50M                            | BUFGP                  | 28    |
-----------------------------------+------------------------+-------+

Asynchronous Control Signals Information:
----------------------------------------
No asynchronous control signals found in this design

Timing Summary:
---------------
Speed Grade: -2

   Minimum period: 2.561ns (Maximum Frequency: 390.549MHz)
   Minimum input arrival time before clock: No path found
   Maximum output required time after clock: 5.624ns
   Maximum combinational path delay: No path found

Timing Details:
---------------
All values displayed in nanoseconds (ns)

=========================================================================
Timing constraint: Default period analysis for Clock 'clk_50M'
  Clock period: 2.561ns (frequency: 390.549MHz)
  Total number of paths / destination ports: 406 / 28
-------------------------------------------------------------------------
Delay:               2.561ns (Levels of Logic = 29)
  Source:            count_0 (FF)
  Destination:       count_27 (FF)
  Source Clock:      clk_50M rising
  Destination Clock: clk_50M rising

  Data Path: count_0 to count_27
                                Gate     Net
    Cell:in->out      fanout   Delay   Delay  Logical Name (Net Name)
    ----------------------------------------  ------------
     FD:C->Q               1   0.525   0.681  count_0 (count_0)
     INV:I->O              1   0.255   0.000  Mcount_count_lut<0>_INV_0 (Mcount_count_lut<0>)
     MUXCY:S->O            1   0.215   0.000  Mcount_count_cy<0> (Mcount_count_cy<0>)
     MUXCY:CI->O           1   0.023   0.000  Mcount_count_cy<1> (Mcount_count_cy<1>)
     MUXCY:CI->O           1   0.023   0.000  Mcount_count_cy<2> (Mcount_count_cy<2>)
     MUXCY:CI->O           1   0.023   0.000  Mcount_count_cy<3> (Mcount_count_cy<3>)
     MUXCY:CI->O           1   0.023   0.000  Mcount_count_cy<4> (Mcount_count_cy<4>)
     MUXCY:CI->O           1   0.023   0.000  Mcount_count_cy<5> (Mcount_count_cy<5>)
     MUXCY:CI->O           1   0.023   0.000  Mcount_count_cy<6> (Mcount_count_cy<6>)
     MUXCY:CI->O           1   0.023   0.000  Mcount_count_cy<7> (Mcount_count_cy<7>)
     MUXCY:CI->O           1   0.023   0.000  Mcount_count_cy<8> (Mcount_count_cy<8>)
     MUXCY:CI->O           1   0.023   0.000  Mcount_count_cy<9> (Mcount_count_cy<9>)
     MUXCY:CI->O           1   0.023   0.000  Mcount_count_cy<10> (Mcount_count_cy<10>)
     MUXCY:CI->O           1   0.023   0.000  Mcount_count_cy<11> (Mcount_count_cy<11>)
     MUXCY:CI->O           1   0.023   0.000  Mcount_count_cy<12> (Mcount_count_cy<12>)
     MUXCY:CI->O           1   0.023   0.000  Mcount_count_cy<13> (Mcount_count_cy<13>)
     MUXCY:CI->O           1   0.023   0.000  Mcount_count_cy<14> (Mcount_count_cy<14>)
     MUXCY:CI->O           1   0.023   0.000  Mcount_count_cy<15> (Mcount_count_cy<15>)
     MUXCY:CI->O           1   0.023   0.000  Mcount_count_cy<16> (Mcount_count_cy<16>)
     MUXCY:CI->O           1   0.023   0.000  Mcount_count_cy<17> (Mcount_count_cy<17>)
     MUXCY:CI->O           1   0.023   0.000  Mcount_count_cy<18> (Mcount_count_cy<18>)
     MUXCY:CI->O           1   0.023   0.000  Mcount_count_cy<19> (Mcount_count_cy<19>)
     MUXCY:CI->O           1   0.023   0.000  Mcount_count_cy<20> (Mcount_count_cy<20>)
     MUXCY:CI->O           1   0.023   0.000  Mcount_count_cy<21> (Mcount_count_cy<21>)
     MUXCY:CI->O           1   0.023   0.000  Mcount_count_cy<22> (Mcount_count_cy<22>)
     MUXCY:CI->O           1   0.023   0.000  Mcount_count_cy<23> (Mcount_count_cy<23>)
     MUXCY:CI->O           1   0.023   0.000  Mcount_count_cy<24> (Mcount_count_cy<24>)
     MUXCY:CI->O           1   0.023   0.000  Mcount_count_cy<25> (Mcount_count_cy<25>)
     MUXCY:CI->O           0   0.023   0.000  Mcount_count_cy<26> (Mcount_count_cy<26>)
     XORCY:CI->O           1   0.206   0.000  Mcount_count_xor<27> (Result<27>)
     FD:D                      0.074          count_27
    ----------------------------------------
    Total                      2.561ns (1.880ns logic, 0.681ns route)
                                       (73.4% logic, 26.6% route)

=========================================================================
Timing constraint: Default OFFSET OUT AFTER for Clock 'clk_50M'
  Total number of paths / destination ports: 28 / 8
-------------------------------------------------------------------------
Offset:              5.624ns (Levels of Logic = 2)
  Source:            count_27 (FF)
  Destination:       dataout<7> (PAD)
  Source Clock:      clk_50M rising

  Data Path: count_27 to dataout<7>
                                Gate     Net
    Cell:in->out      fanout   Delay   Delay  Logical Name (Net Name)
    ----------------------------------------  ------------
     FD:C->Q               9   0.525   1.252  count_27 (count_27)
     LUT4:I0->O            1   0.254   0.681  Mram_dataout41 (dataout_4_OBUF)
     OBUF:I->O                 2.912          dataout_4_OBUF (dataout<4>)
    ----------------------------------------
    Total                      5.624ns (3.691ns logic, 1.933ns route)
                                       (65.6% logic, 34.4% route)

=========================================================================

Cross Clock Domains Report:
--------------------------

Clock to Setup on destination clock clk_50M
---------------+---------+---------+---------+---------+
               | Src:Rise| Src:Fall| Src:Rise| Src:Fall|
Source Clock   |Dest:Rise|Dest:Rise|Dest:Fall|Dest:Fall|
---------------+---------+---------+---------+---------+
clk_50M        |    2.561|         |         |         |
---------------+---------+---------+---------+---------+

=========================================================================


Total REAL time to Xst completion: 9.00 secs
Total CPU time to Xst completion: 9.75 secs
 
--> 

Total memory usage is 212788 kilobytes

Number of errors   :    0 (   0 filtered)
Number of warnings :   12 (   0 filtered)
Number of infos    :    1 (   0 filtered)

