--------------------------------------------------------------------------------
Release 14.3 Trace  (nt)
Copyright (c) 1995-2012 Xilinx, Inc.  All rights reserved.

E:\Xilinx\14.3\ISE_DS\ISE\bin\nt\unwrapped\trce.exe -intstyle ise -e 3 -s 2 -n
3 -xml SMG_LED.twx SMG_LED.ncd -o SMG_LED.twr SMG_LED.pcf -ucf SMG_LED.ucf

Design file:              SMG_LED.ncd
Physical constraint file: SMG_LED.pcf
Device,package,speed:     xc6slx9,tqg144,C,-2 (PRODUCTION 1.23 2012-10-12)
Report level:             error report

Environment Variable      Effect 
--------------------      ------ 
NONE                      No environment variables were set
--------------------------------------------------------------------------------

INFO:Timing:2698 - No timing constraints found, doing default enumeration.
INFO:Timing:3412 - To improve timing, see the Timing Closure User Guide (UG612).
INFO:Timing:2752 - To get complete path coverage, use the unconstrained paths 
   option. All paths that are not constrained will be reported in the 
   unconstrained paths section(s) of the report.
INFO:Timing:3339 - The clock-to-out numbers in this timing report are based on 
   a 50 Ohm transmission line loading model.  For the details of this model, 
   and for more information on accounting for different loading conditions, 
   please see the device datasheet.



Data Sheet report:
-----------------
All values displayed in nanoseconds (ns)

Clock clk to Pad
------------+-----------------+------------+-----------------+------------+------------------+--------+
            |Max (slowest) clk|  Process   |Min (fastest) clk|  Process   |                  | Clock  |
Destination |  (edge) to PAD  |   Corner   |  (edge) to PAD  |   Corner   |Internal Clock(s) | Phase  |
------------+-----------------+------------+-----------------+------------+------------------+--------+
dout<0>     |         8.524(R)|      SLOW  |         3.336(R)|      FAST  |clk_BUFGP         |   0.000|
dout<1>     |         8.647(R)|      SLOW  |         3.388(R)|      FAST  |clk_BUFGP         |   0.000|
dout<2>     |         8.874(R)|      SLOW  |         3.504(R)|      FAST  |clk_BUFGP         |   0.000|
dout<3>     |         8.919(R)|      SLOW  |         3.511(R)|      FAST  |clk_BUFGP         |   0.000|
dout<4>     |         9.921(R)|      SLOW  |         4.059(R)|      FAST  |clk_BUFGP         |   0.000|
dout<5>     |         9.748(R)|      SLOW  |         3.982(R)|      FAST  |clk_BUFGP         |   0.000|
dout<6>     |        11.872(R)|      SLOW  |         5.319(R)|      FAST  |clk_BUFGP         |   0.000|
------------+-----------------+------------+-----------------+------------+------------------+--------+

Clock to Setup on destination clock clk
---------------+---------+---------+---------+---------+
               | Src:Rise| Src:Fall| Src:Rise| Src:Fall|
Source Clock   |Dest:Rise|Dest:Rise|Dest:Fall|Dest:Fall|
---------------+---------+---------+---------+---------+
clk            |    3.592|         |         |         |
---------------+---------+---------+---------+---------+


Analysis completed Wed May 07 21:40:36 2014 
--------------------------------------------------------------------------------

Trace Settings:
-------------------------
Trace Settings 

Peak Memory Usage: 147 MB



