Release 14.3 - xst P.40xd (nt)
Copyright (c) 1995-2012 Xilinx, Inc.  All rights reserved.
--> Parameter TMPDIR set to xst/projnav.tmp


Total REAL time to Xst completion: 0.00 secs
Total CPU time to Xst completion: 0.27 secs
 
--> Parameter xsthdpdir set to xst


Total REAL time to Xst completion: 0.00 secs
Total CPU time to Xst completion: 0.27 secs
 
--> Reading design: SMG_LED.prj

TABLE OF CONTENTS
  1) Synthesis Options Summary
  2) HDL Parsing
  3) HDL Elaboration
  4) HDL Synthesis
       4.1) HDL Synthesis Report
  5) Advanced HDL Synthesis
       5.1) Advanced HDL Synthesis Report
  6) Low Level Synthesis
  7) Partition Report
  8) Design Summary
       8.1) Primitive and Black Box Usage
       8.2) Device utilization summary
       8.3) Partition Resource Summary
       8.4) Timing Report
            8.4.1) Clock Information
            8.4.2) Asynchronous Control Signals Information
            8.4.3) Timing Summary
            8.4.4) Timing Details
            8.4.5) Cross Clock Domains Report


=========================================================================
*                      Synthesis Options Summary                        *
=========================================================================
---- Source Parameters
Input File Name                    : "SMG_LED.prj"
Ignore Synthesis Constraint File   : NO

---- Target Parameters
Output File Name                   : "SMG_LED"
Output Format                      : NGC
Target Device                      : xc6slx9-2-tqg144

---- Source Options
Top Module Name                    : SMG_LED
Automatic FSM Extraction           : YES
FSM Encoding Algorithm             : Auto
Safe Implementation                : No
FSM Style                          : LUT
RAM Extraction                     : Yes
RAM Style                          : Auto
ROM Extraction                     : Yes
Shift Register Extraction          : YES
ROM Style                          : Auto
Resource Sharing                   : YES
Asynchronous To Synchronous        : NO
Shift Register Minimum Size        : 2
Use DSP Block                      : Auto
Automatic Register Balancing       : No

---- Target Options
LUT Combining                      : Auto
Reduce Control Sets                : Auto
Add IO Buffers                     : YES
Global Maximum Fanout              : 100000
Add Generic Clock Buffer(BUFG)     : 16
Register Duplication               : YES
Optimize Instantiated Primitives   : NO
Use Clock Enable                   : Auto
Use Synchronous Set                : Auto
Use Synchronous Reset              : Auto
Pack IO Registers into IOBs        : Auto
Equivalent register Removal        : YES

---- General Options
Optimization Goal                  : Speed
Optimization Effort                : 1
Power Reduction                    : NO
Keep Hierarchy                     : No
Netlist Hierarchy                  : As_Optimized
RTL Output                         : Yes
Global Optimization                : AllClockNets
Read Cores                         : YES
Write Timing Constraints           : NO
Cross Clock Analysis               : NO
Hierarchy Separator                : /
Bus Delimiter                      : <>
Case Specifier                     : Maintain
Slice Utilization Ratio            : 100
BRAM Utilization Ratio             : 100
DSP48 Utilization Ratio            : 100
Auto BRAM Packing                  : NO
Slice Utilization Ratio Delta      : 5

=========================================================================


=========================================================================
*                          HDL Parsing                                  *
=========================================================================
Parsing VHDL file "D:\X9\v\MSG_LED\SMG_LED\SMG_LED.vhd" into library work
Parsing entity <SMG_LED>.
Parsing architecture <Behavioral> of entity <smg_led>.

=========================================================================
*                            HDL Elaboration                            *
=========================================================================

Elaborating entity <SMG_LED> (architecture <Behavioral>) from library <work>.

=========================================================================
*                           HDL Synthesis                               *
=========================================================================

Synthesizing Unit <SMG_LED>.
    Related source file is "D:\X9\v\MSG_LED\SMG_LED\SMG_LED.vhd".
    Found 28-bit register for signal <counter>.
    Found 4-bit register for signal <seg>.
    Found 8-bit register for signal <dout>.
    Found 1-bit register for signal <counter_en>.
    Found 28-bit adder for signal <counter[27]_GND_5_o_add_1_OUT> created at line 38.
    Found 4-bit adder for signal <seg[3]_GND_5_o_add_5_OUT> created at line 51.
    Found 28-bit comparator greater for signal <n0001> created at line 35
    Found 4-bit comparator lessequal for signal <n0007> created at line 48
    Summary:
	inferred   2 Adder/Subtractor(s).
	inferred  41 D-type flip-flop(s).
	inferred   2 Comparator(s).
	inferred   4 Multiplexer(s).
Unit <SMG_LED> synthesized.

=========================================================================
HDL Synthesis Report

Macro Statistics
# Adders/Subtractors                                   : 2
 28-bit adder                                          : 1
 4-bit adder                                           : 1
# Registers                                            : 4
 1-bit register                                        : 1
 28-bit register                                       : 1
 4-bit register                                        : 1
 8-bit register                                        : 1
# Comparators                                          : 2
 28-bit comparator greater                             : 1
 4-bit comparator lessequal                            : 1
# Multiplexers                                         : 4
 8-bit 2-to-1 multiplexer                              : 4

=========================================================================

=========================================================================
*                       Advanced HDL Synthesis                          *
=========================================================================


Synthesizing (advanced) Unit <SMG_LED>.
The following registers are absorbed into counter <counter>: 1 register on signal <counter>.
The following registers are absorbed into counter <seg>: 1 register on signal <seg>.
Unit <SMG_LED> synthesized (advanced).

=========================================================================
Advanced HDL Synthesis Report

Macro Statistics
# Counters                                             : 2
 28-bit up counter                                     : 1
 4-bit up counter                                      : 1
# Registers                                            : 9
 Flip-Flops                                            : 9
# Comparators                                          : 2
 28-bit comparator greater                             : 1
 4-bit comparator lessequal                            : 1
# Multiplexers                                         : 4
 8-bit 2-to-1 multiplexer                              : 4

=========================================================================

=========================================================================
*                         Low Level Synthesis                           *
=========================================================================
WARNING:Xst:1710 - FF/Latch <dout_7> (without init value) has a constant value of 1 in block <SMG_LED>. This FF/Latch will be trimmed during the optimization process.

Optimizing unit <SMG_LED> ...
WARNING:Xst:1710 - FF/Latch <counter_26> (without init value) has a constant value of 0 in block <SMG_LED>. This FF/Latch will be trimmed during the optimization process.
WARNING:Xst:1895 - Due to other FF/Latch trimming, FF/Latch <counter_27> (without init value) has a constant value of 0 in block <SMG_LED>. This FF/Latch will be trimmed during the optimization process.

Mapping all equations...
Building and optimizing final netlist ...
Found area constraint ratio of 100 (+ 5) on block SMG_LED, actual ratio is 1.

Final Macro Processing ...

=========================================================================
Final Register Report

Macro Statistics
# Registers                                            : 38
 Flip-Flops                                            : 38

=========================================================================

=========================================================================
*                           Partition Report                            *
=========================================================================

Partition Implementation Status
-------------------------------

  No Partitions were found in this design.

-------------------------------

=========================================================================
*                            Design Summary                             *
=========================================================================

Top Level Output File Name         : SMG_LED.ngc

Primitive and Black Box Usage:
------------------------------
# BELS                             : 134
#      GND                         : 1
#      INV                         : 2
#      LUT1                        : 26
#      LUT2                        : 28
#      LUT3                        : 2
#      LUT4                        : 10
#      LUT5                        : 7
#      MUXCY                       : 31
#      VCC                         : 1
#      XORCY                       : 26
# FlipFlops/Latches                : 38
#      FD                          : 27
#      FDE                         : 7
#      FDRE                        : 4
# Clock Buffers                    : 1
#      BUFGP                       : 1
# IO Buffers                       : 9
#      OBUF                        : 9

Device utilization summary:
---------------------------

Selected Device : 6slx9tqg144-2 


Slice Logic Utilization: 
 Number of Slice Registers:              38  out of  11440     0%  
 Number of Slice LUTs:                   75  out of   5720     1%  
    Number used as Logic:                75  out of   5720     1%  

Slice Logic Distribution: 
 Number of LUT Flip Flop pairs used:     76
   Number with an unused Flip Flop:      38  out of     76    50%  
   Number with an unused LUT:             1  out of     76     1%  
   Number of fully used LUT-FF pairs:    37  out of     76    48%  
   Number of unique control sets:         3

IO Utilization: 
 Number of IOs:                          10
 Number of bonded IOBs:                  10  out of    102     9%  

Specific Feature Utilization:
 Number of BUFG/BUFGCTRLs:                1  out of     16     6%  

---------------------------
Partition Resource Summary:
---------------------------

  No Partitions were found in this design.

---------------------------


=========================================================================
Timing Report

NOTE: THESE TIMING NUMBERS ARE ONLY A SYNTHESIS ESTIMATE.
      FOR ACCURATE TIMING INFORMATION PLEASE REFER TO THE TRACE REPORT
      GENERATED AFTER PLACE-and-ROUTE.

Clock Information:
------------------
-----------------------------------+------------------------+-------+
Clock Signal                       | Clock buffer(FF name)  | Load  |
-----------------------------------+------------------------+-------+
clk                                | BUFGP                  | 38    |
-----------------------------------+------------------------+-------+

Asynchronous Control Signals Information:
----------------------------------------
No asynchronous control signals found in this design

Timing Summary:
---------------
Speed Grade: -2

   Minimum period: 4.286ns (Maximum Frequency: 233.294MHz)
   Minimum input arrival time before clock: No path found
   Maximum output required time after clock: 4.118ns
   Maximum combinational path delay: No path found

Timing Details:
---------------
All values displayed in nanoseconds (ns)

=========================================================================
Timing constraint: Default period analysis for Clock 'clk'
  Clock period: 4.286ns (frequency: 233.294MHz)
  Total number of paths / destination ports: 1564 / 53
-------------------------------------------------------------------------
Delay:               4.286ns (Levels of Logic = 7)
  Source:            counter_6 (FF)
  Destination:       counter_0 (FF)
  Source Clock:      clk rising
  Destination Clock: clk rising

  Data Path: counter_6 to counter_0
                                Gate     Net
    Cell:in->out      fanout   Delay   Delay  Logical Name (Net Name)
    ----------------------------------------  ------------
     FD:C->Q               3   0.525   1.196  counter_6 (counter_6)
     LUT5:I0->O            1   0.254   0.000  Mcompar_n0001_lut<1> (Mcompar_n0001_lut<1>)
     MUXCY:S->O            1   0.215   0.000  Mcompar_n0001_cy<1> (Mcompar_n0001_cy<1>)
     MUXCY:CI->O           1   0.023   0.000  Mcompar_n0001_cy<2> (Mcompar_n0001_cy<2>)
     MUXCY:CI->O           1   0.023   0.000  Mcompar_n0001_cy<3> (Mcompar_n0001_cy<3>)
     MUXCY:CI->O           1   0.023   0.000  Mcompar_n0001_cy<4> (Mcompar_n0001_cy<4>)
     MUXCY:CI->O          27   0.262   1.436  Mcompar_n0001_cy<5> (Mcompar_n0001_cy<5>)
     LUT2:I1->O            1   0.254   0.000  counter_0_rstpot (counter_0_rstpot)
     FD:D                      0.074          counter_0
    ----------------------------------------
    Total                      4.286ns (1.654ns logic, 2.632ns route)
                                       (38.6% logic, 61.4% route)

=========================================================================
Timing constraint: Default OFFSET OUT AFTER for Clock 'clk'
  Total number of paths / destination ports: 7 / 7
-------------------------------------------------------------------------
Offset:              4.118ns (Levels of Logic = 1)
  Source:            dout_6 (FF)
  Destination:       dout<6> (PAD)
  Source Clock:      clk rising

  Data Path: dout_6 to dout<6>
                                Gate     Net
    Cell:in->out      fanout   Delay   Delay  Logical Name (Net Name)
    ----------------------------------------  ------------
     FDE:C->Q              1   0.525   0.681  dout_6 (dout_6)
     OBUF:I->O                 2.912          dout_6_OBUF (dout<6>)
    ----------------------------------------
    Total                      4.118ns (3.437ns logic, 0.681ns route)
                                       (83.5% logic, 16.5% route)

=========================================================================

Cross Clock Domains Report:
--------------------------

Clock to Setup on destination clock clk
---------------+---------+---------+---------+---------+
               | Src:Rise| Src:Fall| Src:Rise| Src:Fall|
Source Clock   |Dest:Rise|Dest:Rise|Dest:Fall|Dest:Fall|
---------------+---------+---------+---------+---------+
clk            |    4.286|         |         |         |
---------------+---------+---------+---------+---------+

=========================================================================


Total REAL time to Xst completion: 8.00 secs
Total CPU time to Xst completion: 7.79 secs
 
--> 

Total memory usage is 213940 kilobytes

Number of errors   :    0 (   0 filtered)
Number of warnings :    3 (   0 filtered)
Number of infos    :    0 (   0 filtered)

