Release 14.3 - xst P.40xd (nt)
Copyright (c) 1995-2012 Xilinx, Inc.  All rights reserved.
--> Parameter TMPDIR set to xst/projnav.tmp


Total REAL time to Xst completion: 1.00 secs
Total CPU time to Xst completion: 0.17 secs
 
--> Parameter xsthdpdir set to xst


Total REAL time to Xst completion: 1.00 secs
Total CPU time to Xst completion: 0.17 secs
 
--> Reading design: BianMa_8_3.prj

TABLE OF CONTENTS
  1) Synthesis Options Summary
  2) HDL Parsing
  3) HDL Elaboration
  4) HDL Synthesis
       4.1) HDL Synthesis Report
  5) Advanced HDL Synthesis
       5.1) Advanced HDL Synthesis Report
  6) Low Level Synthesis
  7) Partition Report
  8) Design Summary
       8.1) Primitive and Black Box Usage
       8.2) Device utilization summary
       8.3) Partition Resource Summary
       8.4) Timing Report
            8.4.1) Clock Information
            8.4.2) Asynchronous Control Signals Information
            8.4.3) Timing Summary
            8.4.4) Timing Details
            8.4.5) Cross Clock Domains Report


=========================================================================
*                      Synthesis Options Summary                        *
=========================================================================
---- Source Parameters
Input File Name                    : "BianMa_8_3.prj"
Ignore Synthesis Constraint File   : NO

---- Target Parameters
Output File Name                   : "BianMa_8_3"
Output Format                      : NGC
Target Device                      : xc6slx9-2-tqg144

---- Source Options
Top Module Name                    : BianMa_8_3
Automatic FSM Extraction           : YES
FSM Encoding Algorithm             : Auto
Safe Implementation                : No
FSM Style                          : LUT
RAM Extraction                     : Yes
RAM Style                          : Auto
ROM Extraction                     : Yes
Shift Register Extraction          : YES
ROM Style                          : Auto
Resource Sharing                   : YES
Asynchronous To Synchronous        : NO
Shift Register Minimum Size        : 2
Use DSP Block                      : Auto
Automatic Register Balancing       : No

---- Target Options
LUT Combining                      : Auto
Reduce Control Sets                : Auto
Add IO Buffers                     : YES
Global Maximum Fanout              : 100000
Add Generic Clock Buffer(BUFG)     : 16
Register Duplication               : YES
Optimize Instantiated Primitives   : NO
Use Clock Enable                   : Auto
Use Synchronous Set                : Auto
Use Synchronous Reset              : Auto
Pack IO Registers into IOBs        : Auto
Equivalent register Removal        : YES

---- General Options
Optimization Goal                  : Speed
Optimization Effort                : 1
Power Reduction                    : NO
Keep Hierarchy                     : No
Netlist Hierarchy                  : As_Optimized
RTL Output                         : Yes
Global Optimization                : AllClockNets
Read Cores                         : YES
Write Timing Constraints           : NO
Cross Clock Analysis               : NO
Hierarchy Separator                : /
Bus Delimiter                      : <>
Case Specifier                     : Maintain
Slice Utilization Ratio            : 100
BRAM Utilization Ratio             : 100
DSP48 Utilization Ratio            : 100
Auto BRAM Packing                  : NO
Slice Utilization Ratio Delta      : 5

=========================================================================


=========================================================================
*                          HDL Parsing                                  *
=========================================================================
Parsing VHDL file "D:\X9\v\BianMa_8_3\BianMa_8_3\BianMa_8_3.vhd" into library work
Parsing entity <BianMa_8_3>.
Parsing architecture <Behavioral> of entity <bianma_8_3>.

=========================================================================
*                            HDL Elaboration                            *
=========================================================================

Elaborating entity <BianMa_8_3> (architecture <Behavioral>) from library <work>.

=========================================================================
*                           HDL Synthesis                               *
=========================================================================

Synthesizing Unit <BianMa_8_3>.
    Related source file is "D:\X9\v\BianMa_8_3\BianMa_8_3\BianMa_8_3.vhd".
WARNING:Xst:737 - Found 1-bit latch for signal <data_out<2>>. Latches may be generated from incomplete case or if statements. We do not recommend the use of latches in FPGA/CPLD designs, as they may lead to timing problems.
WARNING:Xst:737 - Found 1-bit latch for signal <data_out<1>>. Latches may be generated from incomplete case or if statements. We do not recommend the use of latches in FPGA/CPLD designs, as they may lead to timing problems.
WARNING:Xst:737 - Found 1-bit latch for signal <data_out<0>>. Latches may be generated from incomplete case or if statements. We do not recommend the use of latches in FPGA/CPLD designs, as they may lead to timing problems.
    Summary:
	inferred   3 Latch(s).
	inferred  14 Multiplexer(s).
Unit <BianMa_8_3> synthesized.

=========================================================================
HDL Synthesis Report

Macro Statistics
# Latches                                              : 3
 1-bit latch                                           : 3
# Multiplexers                                         : 14
 1-bit 2-to-1 multiplexer                              : 14

=========================================================================

=========================================================================
*                       Advanced HDL Synthesis                          *
=========================================================================


=========================================================================
Advanced HDL Synthesis Report

Macro Statistics
# Multiplexers                                         : 14
 1-bit 2-to-1 multiplexer                              : 14

=========================================================================

=========================================================================
*                         Low Level Synthesis                           *
=========================================================================
WARNING:Xst:3002 - This design contains one or more registers/latches that are directly
   incompatible with the Spartan6 architecture. The two primary causes of this is
   either a register or latch described with both an asynchronous set and
   asynchronous reset, or a register or latch described with an asynchronous
   set or reset which however has an initialization value of the opposite 
   polarity (i.e. asynchronous reset with an initialization value of 1).
    While this circuit can be built, it creates a sub-optimal implementation
   in terms of area, power and performance. For a more optimal implementation
   Xilinx highly recommends one of the following:

          1) Remove either the set or reset from all registers and latches
             if not needed for required functionality
          2) Modify the code in order to produce a synchronous set
             and/or reset (both is preferred)
          3) Ensure all registers have the same initialization value as the
             described asynchronous set or reset polarity
          4) Use the -async_to_sync option to transform the asynchronous
             set/reset to synchronous operation
             (timing simulation highly recommended when using this option)

  Please refer to http://www.xilinx.com search string "Spartan6 asynchronous set/reset" for more details.

  List of register instances with asynchronous set and reset:
    data_out_2 in unit <BianMa_8_3>
    data_out_0 in unit <BianMa_8_3>
    data_out_1 in unit <BianMa_8_3>


Optimizing unit <BianMa_8_3> ...

Mapping all equations...
Building and optimizing final netlist ...
Found area constraint ratio of 100 (+ 5) on block BianMa_8_3, actual ratio is 0.

Final Macro Processing ...

=========================================================================
Final Register Report

Found no macro
=========================================================================

=========================================================================
*                           Partition Report                            *
=========================================================================

Partition Implementation Status
-------------------------------

  No Partitions were found in this design.

-------------------------------

=========================================================================
*                            Design Summary                             *
=========================================================================

Top Level Output File Name         : BianMa_8_3.ngc

Primitive and Black Box Usage:
------------------------------
# BELS                             : 19
#      GND                         : 1
#      LUT3                        : 10
#      LUT4                        : 2
#      LUT5                        : 2
#      LUT6                        : 4
# FlipFlops/Latches                : 3
#      LD                          : 3
# IO Buffers                       : 11
#      IBUF                        : 8
#      OBUF                        : 3

Device utilization summary:
---------------------------

Selected Device : 6slx9tqg144-2 


Slice Logic Utilization: 
 Number of Slice LUTs:                   18  out of   5720     0%  
    Number used as Logic:                18  out of   5720     0%  

Slice Logic Distribution: 
 Number of LUT Flip Flop pairs used:     18
   Number with an unused Flip Flop:      18  out of     18   100%  
   Number with an unused LUT:             0  out of     18     0%  
   Number of fully used LUT-FF pairs:     0  out of     18     0%  
   Number of unique control sets:         3

IO Utilization: 
 Number of IOs:                          11
 Number of bonded IOBs:                  11  out of    102    10%  
    IOB Flip Flops/Latches:               3

Specific Feature Utilization:

---------------------------
Partition Resource Summary:
---------------------------

  No Partitions were found in this design.

---------------------------


=========================================================================
Timing Report

NOTE: THESE TIMING NUMBERS ARE ONLY A SYNTHESIS ESTIMATE.
      FOR ACCURATE TIMING INFORMATION PLEASE REFER TO THE TRACE REPORT
      GENERATED AFTER PLACE-and-ROUTE.

Clock Information:
------------------
-----------------------------------+------------------------+-------+
Clock Signal                       | Clock buffer(FF name)  | Load  |
-----------------------------------+------------------------+-------+
data_out_1_G(data_out_1_G:O)       | NONE(*)(data_out_1)    | 1     |
data_out_0_G(data_out_0_G:O)       | NONE(*)(data_out_0)    | 1     |
data_out_2_G(data_out_2_G:O)       | NONE(*)(data_out_2)    | 1     |
-----------------------------------+------------------------+-------+
(*) These 3 clock signal(s) are generated by combinatorial logic,
and XST is not able to identify which are the primary clock signals.
Please use the CLOCK_SIGNAL constraint to specify the clock signal(s) generated by combinatorial logic.
INFO:Xst:2169 - HDL ADVISOR - Some clock signals were not automatically buffered by XST with BUFG/BUFR resources. Please use the buffer_type constraint in order to insert these buffers to the clock signals to help prevent skew problems.

Asynchronous Control Signals Information:
----------------------------------------
No asynchronous control signals found in this design

Timing Summary:
---------------
Speed Grade: -2

   Minimum period: No path found
   Minimum input arrival time before clock: 5.258ns
   Maximum output required time after clock: 4.174ns
   Maximum combinational path delay: No path found

Timing Details:
---------------
All values displayed in nanoseconds (ns)

=========================================================================
Timing constraint: Default OFFSET IN BEFORE for Clock 'data_out_1_G'
  Total number of paths / destination ports: 16 / 1
-------------------------------------------------------------------------
Offset:              5.178ns (Levels of Logic = 4)
  Source:            data_in<4> (PAD)
  Destination:       data_out_1 (LATCH)
  Destination Clock: data_out_1_G falling

  Data Path: data_in<4> to data_out_1
                                Gate     Net
    Cell:in->out      fanout   Delay   Delay  Logical Name (Net Name)
    ----------------------------------------  ------------
     IBUF:I->O             6   1.328   1.104  data_in_4_IBUF (data_in_4_IBUF)
     LUT3:I0->O            1   0.235   1.137  data_in[7]_X_5_o_AND_3_o_SW0 (N4)
     LUT6:I0->O            2   0.254   0.834  data_in[7]_X_5_o_AND_3_o (data_in[7]_X_5_o_AND_3_o)
     LUT3:I1->O            1   0.250   0.000  data_out_1_D (data_out_1_D)
     LD:D                      0.036          data_out_1
    ----------------------------------------
    Total                      5.178ns (2.103ns logic, 3.075ns route)
                                       (40.6% logic, 59.4% route)

=========================================================================
Timing constraint: Default OFFSET IN BEFORE for Clock 'data_out_0_G'
  Total number of paths / destination ports: 16 / 1
-------------------------------------------------------------------------
Offset:              5.258ns (Levels of Logic = 4)
  Source:            data_in<5> (PAD)
  Destination:       data_out_0 (LATCH)
  Destination Clock: data_out_0_G falling

  Data Path: data_in<5> to data_out_0
                                Gate     Net
    Cell:in->out      fanout   Delay   Delay  Logical Name (Net Name)
    ----------------------------------------  ------------
     IBUF:I->O             6   1.328   1.104  data_in_5_IBUF (data_in_5_IBUF)
     LUT3:I0->O            1   0.235   1.112  data_in[7]_X_5_o_AND_6_o_SW0 (N10)
     LUT6:I1->O            2   0.254   0.954  data_in[7]_X_5_o_AND_6_o (data_in[7]_X_5_o_AND_6_o)
     LUT3:I0->O            1   0.235   0.000  data_out_0_D (data_out_0_D)
     LD:D                      0.036          data_out_0
    ----------------------------------------
    Total                      5.258ns (2.088ns logic, 3.170ns route)
                                       (39.7% logic, 60.3% route)

=========================================================================
Timing constraint: Default OFFSET IN BEFORE for Clock 'data_out_2_G'
  Total number of paths / destination ports: 16 / 1
-------------------------------------------------------------------------
Offset:              5.178ns (Levels of Logic = 4)
  Source:            data_in<2> (PAD)
  Destination:       data_out_2 (LATCH)
  Destination Clock: data_out_2_G falling

  Data Path: data_in<2> to data_out_2
                                Gate     Net
    Cell:in->out      fanout   Delay   Delay  Logical Name (Net Name)
    ----------------------------------------  ------------
     IBUF:I->O             6   1.328   1.104  data_in_2_IBUF (data_in_2_IBUF)
     LUT3:I0->O            1   0.235   1.137  data_in[7]_X_5_o_AND_1_o_SW0 (N2)
     LUT6:I0->O            2   0.254   0.834  data_in[7]_X_5_o_AND_1_o (data_in[7]_X_5_o_AND_1_o)
     LUT3:I1->O            1   0.250   0.000  data_out_2_D (data_out_2_D)
     LD:D                      0.036          data_out_2
    ----------------------------------------
    Total                      5.178ns (2.103ns logic, 3.075ns route)
                                       (40.6% logic, 59.4% route)

=========================================================================
Timing constraint: Default OFFSET OUT AFTER for Clock 'data_out_2_G'
  Total number of paths / destination ports: 1 / 1
-------------------------------------------------------------------------
Offset:              4.174ns (Levels of Logic = 1)
  Source:            data_out_2 (LATCH)
  Destination:       data_out<2> (PAD)
  Source Clock:      data_out_2_G falling

  Data Path: data_out_2 to data_out<2>
                                Gate     Net
    Cell:in->out      fanout   Delay   Delay  Logical Name (Net Name)
    ----------------------------------------  ------------
     LD:G->Q               1   0.581   0.681  data_out_2 (data_out_2)
     OBUF:I->O                 2.912          data_out_2_OBUF (data_out<2>)
    ----------------------------------------
    Total                      4.174ns (3.493ns logic, 0.681ns route)
                                       (83.7% logic, 16.3% route)

=========================================================================
Timing constraint: Default OFFSET OUT AFTER for Clock 'data_out_1_G'
  Total number of paths / destination ports: 1 / 1
-------------------------------------------------------------------------
Offset:              4.174ns (Levels of Logic = 1)
  Source:            data_out_1 (LATCH)
  Destination:       data_out<1> (PAD)
  Source Clock:      data_out_1_G falling

  Data Path: data_out_1 to data_out<1>
                                Gate     Net
    Cell:in->out      fanout   Delay   Delay  Logical Name (Net Name)
    ----------------------------------------  ------------
     LD:G->Q               1   0.581   0.681  data_out_1 (data_out_1)
     OBUF:I->O                 2.912          data_out_1_OBUF (data_out<1>)
    ----------------------------------------
    Total                      4.174ns (3.493ns logic, 0.681ns route)
                                       (83.7% logic, 16.3% route)

=========================================================================
Timing constraint: Default OFFSET OUT AFTER for Clock 'data_out_0_G'
  Total number of paths / destination ports: 1 / 1
-------------------------------------------------------------------------
Offset:              4.174ns (Levels of Logic = 1)
  Source:            data_out_0 (LATCH)
  Destination:       data_out<0> (PAD)
  Source Clock:      data_out_0_G falling

  Data Path: data_out_0 to data_out<0>
                                Gate     Net
    Cell:in->out      fanout   Delay   Delay  Logical Name (Net Name)
    ----------------------------------------  ------------
     LD:G->Q               1   0.581   0.681  data_out_0 (data_out_0)
     OBUF:I->O                 2.912          data_out_0_OBUF (data_out<0>)
    ----------------------------------------
    Total                      4.174ns (3.493ns logic, 0.681ns route)
                                       (83.7% logic, 16.3% route)

=========================================================================

Cross Clock Domains Report:
--------------------------

=========================================================================


Total REAL time to Xst completion: 7.00 secs
Total CPU time to Xst completion: 6.80 secs
 
--> 

Total memory usage is 210932 kilobytes

Number of errors   :    0 (   0 filtered)
Number of warnings :    4 (   0 filtered)
Number of infos    :    1 (   0 filtered)

