Release 14.3 - xst P.40xd (nt)
Copyright (c) 1995-2012 Xilinx, Inc.  All rights reserved.
--> Parameter TMPDIR set to xst/projnav.tmp


Total REAL time to Xst completion: 0.00 secs
Total CPU time to Xst completion: 0.17 secs
 
--> Parameter xsthdpdir set to xst


Total REAL time to Xst completion: 0.00 secs
Total CPU time to Xst completion: 0.17 secs
 
--> Reading design: key_led.prj

TABLE OF CONTENTS
  1) Synthesis Options Summary
  2) HDL Parsing
  3) HDL Elaboration
  4) HDL Synthesis
       4.1) HDL Synthesis Report
  5) Advanced HDL Synthesis
       5.1) Advanced HDL Synthesis Report
  6) Low Level Synthesis
  7) Partition Report
  8) Design Summary
       8.1) Primitive and Black Box Usage
       8.2) Device utilization summary
       8.3) Partition Resource Summary
       8.4) Timing Report
            8.4.1) Clock Information
            8.4.2) Asynchronous Control Signals Information
            8.4.3) Timing Summary
            8.4.4) Timing Details
            8.4.5) Cross Clock Domains Report


=========================================================================
*                      Synthesis Options Summary                        *
=========================================================================
---- Source Parameters
Input File Name                    : "key_led.prj"
Ignore Synthesis Constraint File   : NO

---- Target Parameters
Output File Name                   : "key_led"
Output Format                      : NGC
Target Device                      : xc6slx9-2-tqg144

---- Source Options
Top Module Name                    : key_led
Automatic FSM Extraction           : YES
FSM Encoding Algorithm             : Auto
Safe Implementation                : No
FSM Style                          : LUT
RAM Extraction                     : Yes
RAM Style                          : Auto
ROM Extraction                     : Yes
Shift Register Extraction          : YES
ROM Style                          : Auto
Resource Sharing                   : YES
Asynchronous To Synchronous        : NO
Shift Register Minimum Size        : 2
Use DSP Block                      : Auto
Automatic Register Balancing       : No

---- Target Options
LUT Combining                      : Auto
Reduce Control Sets                : Auto
Add IO Buffers                     : YES
Global Maximum Fanout              : 100000
Add Generic Clock Buffer(BUFG)     : 16
Register Duplication               : YES
Optimize Instantiated Primitives   : NO
Use Clock Enable                   : Auto
Use Synchronous Set                : Auto
Use Synchronous Reset              : Auto
Pack IO Registers into IOBs        : Auto
Equivalent register Removal        : YES

---- General Options
Optimization Goal                  : Speed
Optimization Effort                : 1
Power Reduction                    : NO
Keep Hierarchy                     : No
Netlist Hierarchy                  : As_Optimized
RTL Output                         : Yes
Global Optimization                : AllClockNets
Read Cores                         : YES
Write Timing Constraints           : NO
Cross Clock Analysis               : NO
Hierarchy Separator                : /
Bus Delimiter                      : <>
Case Specifier                     : Maintain
Slice Utilization Ratio            : 100
BRAM Utilization Ratio             : 100
DSP48 Utilization Ratio            : 100
Auto BRAM Packing                  : NO
Slice Utilization Ratio Delta      : 5

=========================================================================


=========================================================================
*                          HDL Parsing                                  *
=========================================================================
Analyzing Verilog file "D:\X9\Verilog\key_smg_led\key_smg_led\key_smg_led.v" into library work
Parsing module <key_led>.

=========================================================================
*                            HDL Elaboration                            *
=========================================================================

Elaborating module <key_led>.

=========================================================================
*                           HDL Synthesis                               *
=========================================================================

Synthesizing Unit <key_led>.
    Related source file is "D:\X9\Verilog\key_smg_led\key_smg_led\key_smg_led.v".
    Found 8-bit register for signal <duan_ma>.
    Found 4-bit register for signal <wei_ma>.
    Found 4-bit register for signal <key_temp>.
    Summary:
	inferred  16 D-type flip-flop(s).
Unit <key_led> synthesized.

=========================================================================
HDL Synthesis Report

Macro Statistics
# Registers                                            : 3
 4-bit register                                        : 2
 8-bit register                                        : 1

=========================================================================

=========================================================================
*                       Advanced HDL Synthesis                          *
=========================================================================

WARNING:Xst:1710 - FF/Latch <duan_ma_1> (without init value) has a constant value of 0 in block <key_led>. This FF/Latch will be trimmed during the optimization process.

=========================================================================
Advanced HDL Synthesis Report

Macro Statistics
# Registers                                            : 16
 Flip-Flops                                            : 16

=========================================================================

=========================================================================
*                         Low Level Synthesis                           *
=========================================================================
WARNING:Xst:1710 - FF/Latch <duan_ma_1> (without init value) has a constant value of 0 in block <key_led>. This FF/Latch will be trimmed during the optimization process.

Optimizing unit <key_led> ...
WARNING:Xst:1710 - FF/Latch <duan_ma_7> (without init value) has a constant value of 1 in block <key_led>. This FF/Latch will be trimmed during the optimization process.
INFO:Xst:2261 - The FF/Latch <wei_ma_1> in Unit <key_led> is equivalent to the following FF/Latch, which will be removed : <duan_ma_4> 
INFO:Xst:2261 - The FF/Latch <wei_ma_3> in Unit <key_led> is equivalent to the following FF/Latch, which will be removed : <duan_ma_5> 
INFO:Xst:2261 - The FF/Latch <duan_ma_0> in Unit <key_led> is equivalent to the following FF/Latch, which will be removed : <duan_ma_3> 

Mapping all equations...
Building and optimizing final netlist ...
Found area constraint ratio of 100 (+ 5) on block key_led, actual ratio is 0.

Final Macro Processing ...

=========================================================================
Final Register Report

Macro Statistics
# Registers                                            : 11
 Flip-Flops                                            : 11

=========================================================================

=========================================================================
*                           Partition Report                            *
=========================================================================

Partition Implementation Status
-------------------------------

  No Partitions were found in this design.

-------------------------------

=========================================================================
*                            Design Summary                             *
=========================================================================

Top Level Output File Name         : key_led.ngc

Primitive and Black Box Usage:
------------------------------
# BELS                             : 9
#      GND                         : 1
#      LUT5                        : 7
#      VCC                         : 1
# FlipFlops/Latches                : 11
#      FD                          : 11
# Clock Buffers                    : 1
#      BUFGP                       : 1
# IO Buffers                       : 16
#      IBUF                        : 4
#      OBUF                        : 12

Device utilization summary:
---------------------------

Selected Device : 6slx9tqg144-2 


Slice Logic Utilization: 
 Number of Slice Registers:              11  out of  11440     0%  
 Number of Slice LUTs:                    7  out of   5720     0%  
    Number used as Logic:                 7  out of   5720     0%  

Slice Logic Distribution: 
 Number of LUT Flip Flop pairs used:     11
   Number with an unused Flip Flop:       0  out of     11     0%  
   Number with an unused LUT:             4  out of     11    36%  
   Number of fully used LUT-FF pairs:     7  out of     11    63%  
   Number of unique control sets:         1

IO Utilization: 
 Number of IOs:                          17
 Number of bonded IOBs:                  17  out of    102    16%  

Specific Feature Utilization:
 Number of BUFG/BUFGCTRLs:                1  out of     16     6%  

---------------------------
Partition Resource Summary:
---------------------------

  No Partitions were found in this design.

---------------------------


=========================================================================
Timing Report

NOTE: THESE TIMING NUMBERS ARE ONLY A SYNTHESIS ESTIMATE.
      FOR ACCURATE TIMING INFORMATION PLEASE REFER TO THE TRACE REPORT
      GENERATED AFTER PLACE-and-ROUTE.

Clock Information:
------------------
-----------------------------------+------------------------+-------+
Clock Signal                       | Clock buffer(FF name)  | Load  |
-----------------------------------+------------------------+-------+
clk_50M                            | BUFGP                  | 11    |
-----------------------------------+------------------------+-------+

Asynchronous Control Signals Information:
----------------------------------------
No asynchronous control signals found in this design

Timing Summary:
---------------
Speed Grade: -2

   Minimum period: 2.049ns (Maximum Frequency: 488.043MHz)
   Minimum input arrival time before clock: 2.083ns
   Maximum output required time after clock: 4.202ns
   Maximum combinational path delay: No path found

Timing Details:
---------------
All values displayed in nanoseconds (ns)

=========================================================================
Timing constraint: Default period analysis for Clock 'clk_50M'
  Clock period: 2.049ns (frequency: 488.043MHz)
  Total number of paths / destination ports: 35 / 7
-------------------------------------------------------------------------
Delay:               2.049ns (Levels of Logic = 1)
  Source:            wei_ma_1 (FF)
  Destination:       wei_ma_1 (FF)
  Source Clock:      clk_50M rising
  Destination Clock: clk_50M rising

  Data Path: wei_ma_1 to wei_ma_1
                                Gate     Net
    Cell:in->out      fanout   Delay   Delay  Logical Name (Net Name)
    ----------------------------------------  ------------
     FD:C->Q               3   0.525   1.196  wei_ma_1 (wei_ma_1)
     LUT5:I0->O            1   0.254   0.000  key_temp[3]_GND_1_o_select_15_OUT<3>1 (key_temp[3]_GND_1_o_select_15_OUT<1>)
     FD:D                      0.074          wei_ma_1
    ----------------------------------------
    Total                      2.049ns (0.853ns logic, 1.196ns route)
                                       (41.6% logic, 58.4% route)

=========================================================================
Timing constraint: Default OFFSET IN BEFORE for Clock 'clk_50M'
  Total number of paths / destination ports: 4 / 4
-------------------------------------------------------------------------
Offset:              2.083ns (Levels of Logic = 1)
  Source:            key<0> (PAD)
  Destination:       key_temp_0 (FF)
  Destination Clock: clk_50M rising

  Data Path: key<0> to key_temp_0
                                Gate     Net
    Cell:in->out      fanout   Delay   Delay  Logical Name (Net Name)
    ----------------------------------------  ------------
     IBUF:I->O             1   1.328   0.681  key_0_IBUF (key_0_IBUF)
     FD:D                      0.074          key_temp_0
    ----------------------------------------
    Total                      2.083ns (1.402ns logic, 0.681ns route)
                                       (67.3% logic, 32.7% route)

=========================================================================
Timing constraint: Default OFFSET OUT AFTER for Clock 'clk_50M'
  Total number of paths / destination ports: 10 / 10
-------------------------------------------------------------------------
Offset:              4.202ns (Levels of Logic = 1)
  Source:            wei_ma_3 (FF)
  Destination:       duan_ma<5> (PAD)
  Source Clock:      clk_50M rising

  Data Path: wei_ma_3 to duan_ma<5>
                                Gate     Net
    Cell:in->out      fanout   Delay   Delay  Logical Name (Net Name)
    ----------------------------------------  ------------
     FD:C->Q               3   0.525   0.765  wei_ma_3 (wei_ma_3)
     OBUF:I->O                 2.912          duan_ma_5_OBUF (duan_ma<5>)
    ----------------------------------------
    Total                      4.202ns (3.437ns logic, 0.765ns route)
                                       (81.8% logic, 18.2% route)

=========================================================================

Cross Clock Domains Report:
--------------------------

Clock to Setup on destination clock clk_50M
---------------+---------+---------+---------+---------+
               | Src:Rise| Src:Fall| Src:Rise| Src:Fall|
Source Clock   |Dest:Rise|Dest:Rise|Dest:Fall|Dest:Fall|
---------------+---------+---------+---------+---------+
clk_50M        |    2.049|         |         |         |
---------------+---------+---------+---------+---------+

=========================================================================


Total REAL time to Xst completion: 8.00 secs
Total CPU time to Xst completion: 7.86 secs
 
--> 

Total memory usage is 212276 kilobytes

Number of errors   :    0 (   0 filtered)
Number of warnings :    3 (   0 filtered)
Number of infos    :    3 (   0 filtered)

