iMPACT Version: 
iMPACT log file Started on Tue Oct 19 23:10:46 2010

// *** BATCH CMD : loadProjectFile -file "D:\XC3S500E_Verilog\I2C\I2C/I2C.ipf"
Connecting to cable (Parallel Port - LPT1).
Checking cable driver.
 Driver windrvr6.sys version = 8.1.0.0. WinDriver v8.10 Jungo (c) 1997 - 2006 Build Date: Aug 15 2006 X86 32bit SYS14:21:34, version = 810.
 LPT base address = 0378h.
 ECP base address = FFFFFFFFh.
Cable connection established.
'1': Loading file 'D:/XC3S500E_Verilog/I2C/I2C/i2c.bit' ...
done.
INFO:iMPACT:1777 - 
   Reading C:/Xilinx91i/spartan3e/data/xc3s500e.bsd...
INFO:iMPACT:501 - '1': Added Device xc3s500e successfully.
----------------------------------------------------------------------
----------------------------------------------------------------------
Active mode is BS
// *** BATCH CMD : setMode -ss
// *** BATCH CMD : setMode -sm
// *** BATCH CMD : setMode -hw140
// *** BATCH CMD : setMode -spi
// *** BATCH CMD : setMode -acecf
// *** BATCH CMD : setMode -acempm
// *** BATCH CMD : setMode -pff
// *** BATCH CMD : setMode -bs
// *** BATCH CMD : setMode -bs
// *** BATCH CMD : setMode -bs
// *** BATCH CMD : setMode -bs
// *** BATCH CMD : assignFile -p 1 -file "D:/XC3S500E_Verilog/I2C/I2C/i2c.bit"
'1': Loading file 'D:/XC3S500E_Verilog/I2C/I2C/i2c.bit' ...
done.
INFO:iMPACT:501 - '1': Added Device xc3s500e successfully.
----------------------------------------------------------------------
----------------------------------------------------------------------
----------------------------------------------------------------------
----------------------------------------------------------------------
// *** BATCH CMD : assignFile -p 1 -file "D:/XC3S500E_Verilog/I2C/I2C/i2c.bit"
'1': Loading file 'D:/XC3S500E_Verilog/I2C/I2C/i2c.bit' ...
done.
INFO:iMPACT:501 - '1': Added Device xc3s500e successfully.
----------------------------------------------------------------------
----------------------------------------------------------------------
----------------------------------------------------------------------
----------------------------------------------------------------------
// *** BATCH CMD : Program -p 1 -defaultVersion 0 
Maximum TCK operating frequency for this device chain: 0.
Validating chain...
Boundary-scan chain validated successfully.
'1': Programming device...
PROGRESS_START - Starting Operation.
done.
'1': Reading status register contents...
CRC error                                         :         0
Decryptor security set                            :         0
DCM locked                                        :         0
DCI matched                                       :         0
legacy input error                                :         0
status of GTS_CFG_B                               :         0
status of GWE                                     :         0
status of GHIGH                                   :         0
value of MODE pin M0                              :         0
value of MODE pin M1                              :         0
value of MODE pin M2                              :         0
value of CFG_RDY (INIT_B)                         :         0
DONEIN input from DONE pin                        :         0
IDCODE not validated while trying to write FDRI   :         0
write FDRI issued before or after decrypt operation:         0
Decryptor keys not used in proper sequence        :         0
INFO:iMPACT:2219 - Status register values:
INFO:iMPACT - 0000 0000 0000 0000 0000 0000 0000 0000 
INFO:iMPACT:579 - '1': Completed downloading bit file to device.
INFO:iMPACT - '1': Checking done pin....done.
'1': Programming terminated. DONE did not go high.
PROGRESS_END - End Operation.
Elapsed time =     12 sec.
// *** BATCH CMD : Program -p 1 -defaultVersion 0 
Maximum TCK operating frequency for this device chain: 0.
Validating chain...
Boundary-scan chain validated successfully.
'1': Programming device...
PROGRESS_START - Starting Operation.
done.
'1': Reading status register contents...
CRC error                                         :         0
Decryptor security set                            :         0
DCM locked                                        :         1
DCI matched                                       :         1
legacy input error                                :         0
status of GTS_CFG_B                               :         1
status of GWE                                     :         1
status of GHIGH                                   :         1
value of MODE pin M0                              :         1
value of MODE pin M1                              :         0
value of MODE pin M2                              :         0
value of CFG_RDY (INIT_B)                         :         1
DONEIN input from DONE pin                        :         1
IDCODE not validated while trying to write FDRI   :         0
write FDRI issued before or after decrypt operation:         0
Decryptor keys not used in proper sequence        :         0
INFO:iMPACT:2219 - Status register values:
INFO:iMPACT - 0011 0111 1001 1000 0000 0000 0000 0000 
INFO:iMPACT:579 - '1': Completed downloading bit file to device.
INFO:iMPACT - '1': Checking done pin....done.
'1': Programmed successfully.
PROGRESS_END - End Operation.
Elapsed time =     13 sec.
WARNING:ProjectMgmt - "D:/XC3S500E_Verilog/I2C/I2C/I2C.ngr" line 0 duplicate   design unit: 'Module|i2c'
ERROR:ProjectMgmt - TOE: ITclInterp::ExecuteCmd gave Tcl result 'An exception   took place while calling Dpm::TclWrapIFileManager::CheckFiles '.
   Tcl_ErrnoId: unknown error
   Tcl_ErrnoMsg: No error
   _cmd: ::xilinx::Dpm::dpm_chTransformExecuteForXst dpm_xstRun $piThisInterface
   errorInfo: An exception took place while calling   Dpm::TclWrapIFileManager::CheckFiles 
       while executing
   "$_IFileManager CheckFiles"
       (procedure "dpm_chTransformOutput" line 134)
       invoked from within
   "dpm_chTransformOutput $basicData(iTranInstance) $outputFileList"
       (procedure "::xilinx::Dpm::dpm_chTransformExecuteForXst" line 44)
       invoked from within
   "::xilinx::Dpm::dpm_chTransformExecuteForXst dpm_xstRun $piThisInterface"
