--------------------------------------------------------------------------------
Release 14.3 Trace  (nt)
Copyright (c) 1995-2012 Xilinx, Inc.  All rights reserved.

E:\Xilinx\14.3\ISE_DS\ISE\bin\nt\unwrapped\trce.exe -intstyle ise -e 3 -s 2 -n
3 -xml bm_kg_led.twx bm_kg_led.ncd -o bm_kg_led.twr bm_kg_led.pcf -ucf
bm_kg_led.ucf

Design file:              bm_kg_led.ncd
Physical constraint file: bm_kg_led.pcf
Device,package,speed:     xc6slx9,tqg144,C,-2 (PRODUCTION 1.23 2012-10-12)
Report level:             error report

Environment Variable      Effect 
--------------------      ------ 
NONE                      No environment variables were set
--------------------------------------------------------------------------------

INFO:Timing:2698 - No timing constraints found, doing default enumeration.
INFO:Timing:3412 - To improve timing, see the Timing Closure User Guide (UG612).
INFO:Timing:2752 - To get complete path coverage, use the unconstrained paths 
   option. All paths that are not constrained will be reported in the 
   unconstrained paths section(s) of the report.
INFO:Timing:3339 - The clock-to-out numbers in this timing report are based on 
   a 50 Ohm transmission line loading model.  For the details of this model, 
   and for more information on accounting for different loading conditions, 
   please see the device datasheet.



Data Sheet report:
-----------------
All values displayed in nanoseconds (ns)

Pad to Pad
---------------+---------------+---------+
Source Pad     |Destination Pad|  Delay  |
---------------+---------------+---------+
switch<0>      |led<0>         |    9.474|
switch<1>      |led<1>         |    9.874|
switch<2>      |led<2>         |    9.070|
switch<3>      |led<3>         |    9.614|
switch<4>      |led<4>         |    9.366|
switch<5>      |led<5>         |    9.773|
switch<6>      |led<6>         |    8.661|
switch<7>      |led<7>         |    9.088|
---------------+---------------+---------+


Analysis completed Thu Jun 05 14:19:45 2014 
--------------------------------------------------------------------------------

Trace Settings:
-------------------------
Trace Settings 

Peak Memory Usage: 146 MB



